Watching for file changes with StatReloader
"GET /HW01/about/ HTTP/1.1" 200 158
"GET /HW01/about/ HTTP/1.1" 200 158
Watching for file changes with StatReloader
C:\Users\Mikhail\Desktop\учеба\PythonGB\Django_HomeWork\HW02app\urls.py changed, reloading.
Watching for file changes with StatReloader
C:\Users\Mikhail\Desktop\учеба\PythonGB\Django_HomeWork\HW02app\urls.py changed, reloading.
Watching for file changes with StatReloader
C:\Users\Mikhail\Desktop\учеба\PythonGB\Django_HomeWork\HW02app\urls.py changed, reloading.
Watching for file changes with StatReloader
Not Found: /
"GET / HTTP/1.1" 404 2272
Not Found: /hw02
"GET /hw02 HTTP/1.1" 404 2302
Not Found: /hw02/index
"GET /hw02/index HTTP/1.1" 404 2320
"GET /HW01/about/ HTTP/1.1" 200 158
"GET /HW01 HTTP/1.1" 301 0
"GET /HW01/ HTTP/1.1" 200 155
"GET /HW02/ HTTP/1.1" 200 13
C:\Users\Mikhail\Desktop\учеба\PythonGB\Django_HomeWork\HW02app\models.py changed, reloading.
Watching for file changes with StatReloader
C:\Users\Mikhail\Desktop\учеба\PythonGB\Django_HomeWork\HW02app\models.py changed, reloading.
Watching for file changes with StatReloader
C:\Users\Mikhail\Desktop\учеба\PythonGB\Django_HomeWork\HW02app\models.py changed, reloading.
Watching for file changes with StatReloader
C:\Users\Mikhail\Desktop\учеба\PythonGB\Django_HomeWork\HW02app\models.py changed, reloading.
Watching for file changes with StatReloader
C:\Users\Mikhail\Desktop\учеба\PythonGB\Django_HomeWork\HW02app\models.py changed, reloading.
Watching for file changes with StatReloader
C:\Users\Mikhail\Desktop\учеба\PythonGB\Django_HomeWork\HW02app\models.py changed, reloading.
Watching for file changes with StatReloader
C:\Users\Mikhail\Desktop\учеба\PythonGB\Django_HomeWork\HW02app\models.py changed, reloading.
Watching for file changes with StatReloader
C:\Users\Mikhail\Desktop\учеба\PythonGB\Django_HomeWork\HW02app\models.py changed, reloading.
Watching for file changes with StatReloader
C:\Users\Mikhail\Desktop\учеба\PythonGB\Django_HomeWork\HW02app\models.py changed, reloading.
Watching for file changes with StatReloader
C:\Users\Mikhail\Desktop\учеба\PythonGB\Django_HomeWork\HW02app\models.py changed, reloading.
Watching for file changes with StatReloader
C:\Users\Mikhail\Desktop\учеба\PythonGB\Django_HomeWork\HW02app\models.py changed, reloading.
Watching for file changes with StatReloader
C:\Users\Mikhail\Desktop\учеба\PythonGB\Django_HomeWork\HW02app\models.py changed, reloading.
Watching for file changes with StatReloader
C:\Users\Mikhail\Desktop\учеба\PythonGB\Django_HomeWork\HW02app\models.py changed, reloading.
Watching for file changes with StatReloader
C:\Users\Mikhail\Desktop\учеба\PythonGB\Django_HomeWork\HW02app\models.py changed, reloading.
Watching for file changes with StatReloader
C:\Users\Mikhail\Desktop\учеба\PythonGB\Django_HomeWork\HW02app\models.py changed, reloading.
Watching for file changes with StatReloader
C:\Users\Mikhail\Desktop\учеба\PythonGB\Django_HomeWork\HW02app\models.py changed, reloading.
Watching for file changes with StatReloader
C:\Users\Mikhail\Desktop\учеба\PythonGB\Django_HomeWork\HW02app\models.py changed, reloading.
Watching for file changes with StatReloader
C:\Users\Mikhail\Desktop\учеба\PythonGB\Django_HomeWork\HW02app\models.py changed, reloading.
Watching for file changes with StatReloader
C:\Users\Mikhail\Desktop\учеба\PythonGB\Django_HomeWork\HW02app\models.py changed, reloading.
Watching for file changes with StatReloader
C:\Users\Mikhail\Desktop\учеба\PythonGB\Django_HomeWork\HW02app\models.py changed, reloading.
Watching for file changes with StatReloader
C:\Users\Mikhail\Desktop\учеба\PythonGB\Django_HomeWork\HW02app\models.py changed, reloading.
Watching for file changes with StatReloader
C:\Users\Mikhail\Desktop\учеба\PythonGB\Django_HomeWork\HW02app\models.py changed, reloading.
Watching for file changes with StatReloader
C:\Users\Mikhail\Desktop\учеба\PythonGB\Django_HomeWork\HW02app\models.py changed, reloading.
Watching for file changes with StatReloader
C:\Users\Mikhail\Desktop\учеба\PythonGB\Django_HomeWork\HW02app\models.py changed, reloading.
Watching for file changes with StatReloader
C:\Users\Mikhail\Desktop\учеба\PythonGB\Django_HomeWork\HW02app\models.py changed, reloading.
Watching for file changes with StatReloader
C:\Users\Mikhail\Desktop\учеба\PythonGB\Django_HomeWork\HW02app\models.py changed, reloading.
Watching for file changes with StatReloader
C:\Users\Mikhail\Desktop\учеба\PythonGB\Django_HomeWork\HW02app\models.py changed, reloading.
Watching for file changes with StatReloader
C:\Users\Mikhail\Desktop\учеба\PythonGB\Django_HomeWork\HW02app\models.py changed, reloading.
Watching for file changes with StatReloader
C:\Users\Mikhail\Desktop\учеба\PythonGB\Django_HomeWork\HW02app\models.py changed, reloading.
Watching for file changes with StatReloader
C:\Users\Mikhail\Desktop\учеба\PythonGB\Django_HomeWork\HW02app\models.py changed, reloading.
Watching for file changes with StatReloader
C:\Users\Mikhail\Desktop\учеба\PythonGB\Django_HomeWork\HW02app\models.py changed, reloading.
Watching for file changes with StatReloader
C:\Users\Mikhail\Desktop\учеба\PythonGB\Django_HomeWork\HW02app\models.py changed, reloading.
Watching for file changes with StatReloader
C:\Users\Mikhail\Desktop\учеба\PythonGB\Django_HomeWork\HW02app\models.py changed, reloading.
Watching for file changes with StatReloader
C:\Users\Mikhail\Desktop\учеба\PythonGB\Django_HomeWork\HW02app\models.py changed, reloading.
Watching for file changes with StatReloader
C:\Users\Mikhail\Desktop\учеба\PythonGB\Django_HomeWork\HW02app\models.py changed, reloading.
Watching for file changes with StatReloader
C:\Users\Mikhail\Desktop\учеба\PythonGB\Django_HomeWork\HW02app\models.py changed, reloading.
Watching for file changes with StatReloader
C:\Users\Mikhail\Desktop\учеба\PythonGB\Django_HomeWork\HW02app\models.py changed, reloading.
Watching for file changes with StatReloader
C:\Users\Mikhail\Desktop\учеба\PythonGB\Django_HomeWork\HW02app\models.py changed, reloading.
Watching for file changes with StatReloader
C:\Users\Mikhail\Desktop\учеба\PythonGB\Django_HomeWork\HW02app\models.py changed, reloading.
Watching for file changes with StatReloader
C:\Users\Mikhail\Desktop\учеба\PythonGB\Django_HomeWork\HW02app\models.py changed, reloading.
Watching for file changes with StatReloader
C:\Users\Mikhail\Desktop\учеба\PythonGB\Django_HomeWork\HW02app\models.py changed, reloading.
Watching for file changes with StatReloader
C:\Users\Mikhail\Desktop\учеба\PythonGB\Django_HomeWork\HW02app\models.py changed, reloading.
Watching for file changes with StatReloader
C:\Users\Mikhail\Desktop\учеба\PythonGB\Django_HomeWork\HW02app\models.py changed, reloading.
Watching for file changes with StatReloader
C:\Users\Mikhail\Desktop\учеба\PythonGB\Django_HomeWork\HW02app\models.py changed, reloading.
Watching for file changes with StatReloader
C:\Users\Mikhail\Desktop\учеба\PythonGB\Django_HomeWork\HW02app\models.py changed, reloading.
Watching for file changes with StatReloader
C:\Users\Mikhail\Desktop\учеба\PythonGB\Django_HomeWork\HW02app\models.py changed, reloading.
Watching for file changes with StatReloader
C:\Users\Mikhail\Desktop\учеба\PythonGB\Django_HomeWork\HW02app\models.py changed, reloading.
Watching for file changes with StatReloader
C:\Users\Mikhail\Desktop\учеба\PythonGB\Django_HomeWork\HW02app\models.py changed, reloading.
Watching for file changes with StatReloader
C:\Users\Mikhail\Desktop\учеба\PythonGB\Django_HomeWork\HW02app\models.py changed, reloading.
Watching for file changes with StatReloader
C:\Users\Mikhail\Desktop\учеба\PythonGB\Django_HomeWork\HW02app\models.py changed, reloading.
Watching for file changes with StatReloader
C:\Users\Mikhail\Desktop\учеба\PythonGB\Django_HomeWork\HW02app\models.py changed, reloading.
Watching for file changes with StatReloader
C:\Users\Mikhail\Desktop\учеба\PythonGB\Django_HomeWork\HW02app\models.py changed, reloading.
Watching for file changes with StatReloader
C:\Users\Mikhail\Desktop\учеба\PythonGB\Django_HomeWork\HW02app\models.py changed, reloading.
Watching for file changes with StatReloader
C:\Users\Mikhail\Desktop\учеба\PythonGB\Django_HomeWork\HW02app\models.py changed, reloading.
Watching for file changes with StatReloader
C:\Users\Mikhail\Desktop\учеба\PythonGB\Django_HomeWork\HW02app\models.py changed, reloading.
Watching for file changes with StatReloader
C:\Users\Mikhail\Desktop\учеба\PythonGB\Django_HomeWork\HW02app\models.py changed, reloading.
Watching for file changes with StatReloader
C:\Users\Mikhail\Desktop\учеба\PythonGB\Django_HomeWork\HW02app\models.py changed, reloading.
Watching for file changes with StatReloader
C:\Users\Mikhail\Desktop\учеба\PythonGB\Django_HomeWork\HW02app\models.py changed, reloading.
Watching for file changes with StatReloader
C:\Users\Mikhail\Desktop\учеба\PythonGB\Django_HomeWork\HW02app\models.py changed, reloading.
Watching for file changes with StatReloader
C:\Users\Mikhail\Desktop\учеба\PythonGB\Django_HomeWork\HW02app\models.py changed, reloading.
Watching for file changes with StatReloader
C:\Users\Mikhail\Desktop\учеба\PythonGB\Django_HomeWork\HW02app\models.py changed, reloading.
Watching for file changes with StatReloader
C:\Users\Mikhail\Desktop\учеба\PythonGB\Django_HomeWork\HW02app\models.py changed, reloading.
Watching for file changes with StatReloader
C:\Users\Mikhail\Desktop\учеба\PythonGB\Django_HomeWork\HW02app\models.py changed, reloading.
Watching for file changes with StatReloader
C:\Users\Mikhail\Desktop\учеба\PythonGB\Django_HomeWork\HW02app\models.py changed, reloading.
Watching for file changes with StatReloader
C:\Users\Mikhail\Desktop\учеба\PythonGB\Django_HomeWork\HW02app\models.py changed, reloading.
Watching for file changes with StatReloader
C:\Users\Mikhail\Desktop\учеба\PythonGB\Django_HomeWork\HW02app\models.py changed, reloading.
Watching for file changes with StatReloader
C:\Users\Mikhail\Desktop\учеба\PythonGB\Django_HomeWork\HW02app\models.py changed, reloading.
Watching for file changes with StatReloader
C:\Users\Mikhail\Desktop\учеба\PythonGB\Django_HomeWork\HW02app\models.py changed, reloading.
Watching for file changes with StatReloader
C:\Users\Mikhail\Desktop\учеба\PythonGB\Django_HomeWork\HW02app\models.py changed, reloading.
Watching for file changes with StatReloader
C:\Users\Mikhail\Desktop\учеба\PythonGB\Django_HomeWork\HW02app\models.py changed, reloading.
Watching for file changes with StatReloader
C:\Users\Mikhail\Desktop\учеба\PythonGB\Django_HomeWork\HW02app\models.py changed, reloading.
Watching for file changes with StatReloader
C:\Users\Mikhail\Desktop\учеба\PythonGB\Django_HomeWork\HW02app\models.py changed, reloading.
Watching for file changes with StatReloader
C:\Users\Mikhail\Desktop\учеба\PythonGB\Django_HomeWork\HW02app\models.py changed, reloading.
Watching for file changes with StatReloader
C:\Users\Mikhail\Desktop\учеба\PythonGB\Django_HomeWork\HW02app\models.py changed, reloading.
Watching for file changes with StatReloader
C:\Users\Mikhail\Desktop\учеба\PythonGB\Django_HomeWork\HW02app\models.py changed, reloading.
Watching for file changes with StatReloader
C:\Users\Mikhail\Desktop\учеба\PythonGB\Django_HomeWork\HW02app\models.py changed, reloading.
Watching for file changes with StatReloader
C:\Users\Mikhail\Desktop\учеба\PythonGB\Django_HomeWork\HW02app\models.py changed, reloading.
Watching for file changes with StatReloader
C:\Users\Mikhail\Desktop\учеба\PythonGB\Django_HomeWork\HW02app\models.py changed, reloading.
Watching for file changes with StatReloader
C:\Users\Mikhail\Desktop\учеба\PythonGB\Django_HomeWork\HW02app\models.py changed, reloading.
Watching for file changes with StatReloader
C:\Users\Mikhail\Desktop\учеба\PythonGB\Django_HomeWork\HW02app\models.py changed, reloading.
Watching for file changes with StatReloader
C:\Users\Mikhail\Desktop\учеба\PythonGB\Django_HomeWork\HW02app\models.py changed, reloading.
Watching for file changes with StatReloader
C:\Users\Mikhail\Desktop\учеба\PythonGB\Django_HomeWork\HW02app\models.py changed, reloading.
Watching for file changes with StatReloader
C:\Users\Mikhail\Desktop\учеба\PythonGB\Django_HomeWork\HW02app\models.py changed, reloading.
Watching for file changes with StatReloader
C:\Users\Mikhail\Desktop\учеба\PythonGB\Django_HomeWork\HW02app\models.py changed, reloading.
Watching for file changes with StatReloader
C:\Users\Mikhail\Desktop\учеба\PythonGB\Django_HomeWork\HW02app\models.py changed, reloading.
Watching for file changes with StatReloader
C:\Users\Mikhail\Desktop\учеба\PythonGB\Django_HomeWork\HW02app\models.py changed, reloading.
Watching for file changes with StatReloader
C:\Users\Mikhail\Desktop\учеба\PythonGB\Django_HomeWork\HW02app\models.py changed, reloading.
Watching for file changes with StatReloader
C:\Users\Mikhail\Desktop\учеба\PythonGB\Django_HomeWork\HW02app\models.py changed, reloading.
Watching for file changes with StatReloader
C:\Users\Mikhail\Desktop\учеба\PythonGB\Django_HomeWork\HW02app\models.py changed, reloading.
Watching for file changes with StatReloader
C:\Users\Mikhail\Desktop\учеба\PythonGB\Django_HomeWork\HW02app\models.py changed, reloading.
Watching for file changes with StatReloader
C:\Users\Mikhail\Desktop\учеба\PythonGB\Django_HomeWork\HW02app\models.py changed, reloading.
Watching for file changes with StatReloader
C:\Users\Mikhail\Desktop\учеба\PythonGB\Django_HomeWork\HW02app\models.py changed, reloading.
Watching for file changes with StatReloader
C:\Users\Mikhail\Desktop\учеба\PythonGB\Django_HomeWork\HW02app\models.py changed, reloading.
Watching for file changes with StatReloader
C:\Users\Mikhail\Desktop\учеба\PythonGB\Django_HomeWork\HW02app\models.py changed, reloading.
Watching for file changes with StatReloader
C:\Users\Mikhail\Desktop\учеба\PythonGB\Django_HomeWork\HW02app\models.py changed, reloading.
Watching for file changes with StatReloader
C:\Users\Mikhail\Desktop\учеба\PythonGB\Django_HomeWork\HW02app\models.py changed, reloading.
Watching for file changes with StatReloader
C:\Users\Mikhail\Desktop\учеба\PythonGB\Django_HomeWork\HW02app\models.py changed, reloading.
Watching for file changes with StatReloader
C:\Users\Mikhail\Desktop\учеба\PythonGB\Django_HomeWork\HW02app\models.py changed, reloading.
Watching for file changes with StatReloader
C:\Users\Mikhail\Desktop\учеба\PythonGB\Django_HomeWork\HW02app\models.py changed, reloading.
Watching for file changes with StatReloader
C:\Users\Mikhail\Desktop\учеба\PythonGB\Django_HomeWork\HW02app\models.py changed, reloading.
Watching for file changes with StatReloader
C:\Users\Mikhail\Desktop\учеба\PythonGB\Django_HomeWork\HW02app\models.py changed, reloading.
Watching for file changes with StatReloader
C:\Users\Mikhail\Desktop\учеба\PythonGB\Django_HomeWork\HW02app\models.py changed, reloading.
Watching for file changes with StatReloader
Watching for file changes with StatReloader
C:\Users\Mikhail\Desktop\учеба\PythonGB\Django_HomeWork\HW02app\models.py changed, reloading.
Watching for file changes with StatReloader
Watching for file changes with StatReloader
Internal Server Error: /HW02/create_client
Traceback (most recent call last):
  File "C:\Users\Mikhail\Desktop\учеба\PythonGB\Django_HomeWork\venv\Lib\site-packages\django\db\backends\utils.py", line 114, in debug_sql
    yield
  File "C:\Users\Mikhail\Desktop\учеба\PythonGB\Django_HomeWork\venv\Lib\site-packages\django\db\backends\utils.py", line 102, in execute
    return super().execute(sql, params)
           ^^^^^^^^^^^^^^^^^^^^^^^^^^^^
  File "C:\Users\Mikhail\Desktop\учеба\PythonGB\Django_HomeWork\venv\Lib\site-packages\django\db\backends\utils.py", line 67, in execute
    return self._execute_with_wrappers(
           ^^^^^^^^^^^^^^^^^^^^^^^^^^^^
  File "C:\Users\Mikhail\Desktop\учеба\PythonGB\Django_HomeWork\venv\Lib\site-packages\django\db\backends\utils.py", line 80, in _execute_with_wrappers
    return executor(sql, params, many, context)
           ^^^^^^^^^^^^^^^^^^^^^^^^^^^^^^^^^^^^
  File "C:\Users\Mikhail\Desktop\учеба\PythonGB\Django_HomeWork\venv\Lib\site-packages\django\db\backends\utils.py", line 89, in _execute
    return self.cursor.execute(sql, params)
           ^^^^^^^^^^^^^^^^^^^^^^^^^^^^^^^^
  File "C:\Users\Mikhail\Desktop\учеба\PythonGB\Django_HomeWork\venv\Lib\site-packages\django\db\backends\sqlite3\base.py", line 328, in execute
    return super().execute(query, params)
           ^^^^^^^^^^^^^^^^^^^^^^^^^^^^^^
OverflowError: Python int too large to convert to SQLite INTEGER

During handling of the above exception, another exception occurred:

Traceback (most recent call last):
  File "C:\Users\Mikhail\Desktop\учеба\PythonGB\Django_HomeWork\venv\Lib\site-packages\django\core\handlers\exception.py", line 55, in inner
    response = get_response(request)
               ^^^^^^^^^^^^^^^^^^^^^
  File "C:\Users\Mikhail\Desktop\учеба\PythonGB\Django_HomeWork\venv\Lib\site-packages\django\core\handlers\base.py", line 197, in _get_response
    response = wrapped_callback(request, *callback_args, **callback_kwargs)
               ^^^^^^^^^^^^^^^^^^^^^^^^^^^^^^^^^^^^^^^^^^^^^^^^^^^^^^^^^^^^
  File "C:\Users\Mikhail\Desktop\учеба\PythonGB\Django_HomeWork\HW02app\views.py", line 19, in create_client
    author.save()
  File "C:\Users\Mikhail\Desktop\учеба\PythonGB\Django_HomeWork\venv\Lib\site-packages\django\db\models\base.py", line 814, in save
    self.save_base(
  File "C:\Users\Mikhail\Desktop\учеба\PythonGB\Django_HomeWork\venv\Lib\site-packages\django\db\models\base.py", line 877, in save_base
    updated = self._save_table(
              ^^^^^^^^^^^^^^^^^
  File "C:\Users\Mikhail\Desktop\учеба\PythonGB\Django_HomeWork\venv\Lib\site-packages\django\db\models\base.py", line 1020, in _save_table
    results = self._do_insert(
              ^^^^^^^^^^^^^^^^
  File "C:\Users\Mikhail\Desktop\учеба\PythonGB\Django_HomeWork\venv\Lib\site-packages\django\db\models\base.py", line 1061, in _do_insert
    return manager._insert(
           ^^^^^^^^^^^^^^^^
  File "C:\Users\Mikhail\Desktop\учеба\PythonGB\Django_HomeWork\venv\Lib\site-packages\django\db\models\manager.py", line 87, in manager_method
    return getattr(self.get_queryset(), name)(*args, **kwargs)
           ^^^^^^^^^^^^^^^^^^^^^^^^^^^^^^^^^^^^^^^^^^^^^^^^^^^
  File "C:\Users\Mikhail\Desktop\учеба\PythonGB\Django_HomeWork\venv\Lib\site-packages\django\db\models\query.py", line 1805, in _insert
    return query.get_compiler(using=using).execute_sql(returning_fields)
           ^^^^^^^^^^^^^^^^^^^^^^^^^^^^^^^^^^^^^^^^^^^^^^^^^^^^^^^^^^^^^
  File "C:\Users\Mikhail\Desktop\учеба\PythonGB\Django_HomeWork\venv\Lib\site-packages\django\db\models\sql\compiler.py", line 1822, in execute_sql
    cursor.execute(sql, params)
  File "C:\Users\Mikhail\Desktop\учеба\PythonGB\Django_HomeWork\venv\Lib\site-packages\django\db\backends\utils.py", line 101, in execute
    with self.debug_sql(sql, params, use_last_executed_query=True):
  File "C:\Program Files\WindowsApps\PythonSoftwareFoundation.Python.3.11_3.11.1776.0_x64__qbz5n2kfra8p0\Lib\contextlib.py", line 155, in __exit__
    self.gen.throw(typ, value, traceback)
  File "C:\Users\Mikhail\Desktop\учеба\PythonGB\Django_HomeWork\venv\Lib\site-packages\django\db\backends\utils.py", line 119, in debug_sql
    sql = self.db.ops.last_executed_query(self.cursor, sql, params)
          ^^^^^^^^^^^^^^^^^^^^^^^^^^^^^^^^^^^^^^^^^^^^^^^^^^^^^^^^^
  File "C:\Users\Mikhail\Desktop\учеба\PythonGB\Django_HomeWork\venv\Lib\site-packages\django\db\backends\sqlite3\operations.py", line 176, in last_executed_query
    params = self._quote_params_for_last_executed_query(params)
             ^^^^^^^^^^^^^^^^^^^^^^^^^^^^^^^^^^^^^^^^^^^^^^^^^^
  File "C:\Users\Mikhail\Desktop\учеба\PythonGB\Django_HomeWork\venv\Lib\site-packages\django\db\backends\sqlite3\operations.py", line 165, in _quote_params_for_last_executed_query
    return cursor.execute(sql, params).fetchone()
           ^^^^^^^^^^^^^^^^^^^^^^^^^^^
OverflowError: Python int too large to convert to SQLite INTEGER
"GET /HW02/create_client HTTP/1.1" 500 157554
C:\Users\Mikhail\Desktop\учеба\PythonGB\Django_HomeWork\HW02app\views.py changed, reloading.
Watching for file changes with StatReloader
C:\Users\Mikhail\Desktop\учеба\PythonGB\Django_HomeWork\HW02app\views.py changed, reloading.
Watching for file changes with StatReloader
C:\Users\Mikhail\Desktop\учеба\PythonGB\Django_HomeWork\HW02app\views.py changed, reloading.
Watching for file changes with StatReloader
"GET /HW02/create_client HTTP/1.1" 200 18
"GET /HW02/create_client HTTP/1.1" 200 18
C:\Users\Mikhail\Desktop\учеба\PythonGB\Django_HomeWork\HW02app\views.py changed, reloading.
Watching for file changes with StatReloader
C:\Users\Mikhail\Desktop\учеба\PythonGB\Django_HomeWork\HW02app\views.py changed, reloading.
Watching for file changes with StatReloader
C:\Users\Mikhail\Desktop\учеба\PythonGB\Django_HomeWork\HW02app\views.py changed, reloading.
Watching for file changes with StatReloader
C:\Users\Mikhail\Desktop\учеба\PythonGB\Django_HomeWork\HW02app\views.py changed, reloading.
Watching for file changes with StatReloader
C:\Users\Mikhail\Desktop\учеба\PythonGB\Django_HomeWork\HW02app\views.py changed, reloading.
Watching for file changes with StatReloader
C:\Users\Mikhail\Desktop\учеба\PythonGB\Django_HomeWork\HW02app\views.py changed, reloading.
Watching for file changes with StatReloader
C:\Users\Mikhail\Desktop\учеба\PythonGB\Django_HomeWork\HW02app\views.py changed, reloading.
Watching for file changes with StatReloader
C:\Users\Mikhail\Desktop\учеба\PythonGB\Django_HomeWork\HW02app\views.py changed, reloading.
Watching for file changes with StatReloader
C:\Users\Mikhail\Desktop\учеба\PythonGB\Django_HomeWork\HW02app\views.py changed, reloading.
Watching for file changes with StatReloader
C:\Users\Mikhail\Desktop\учеба\PythonGB\Django_HomeWork\HW02app\views.py changed, reloading.
Watching for file changes with StatReloader
C:\Users\Mikhail\Desktop\учеба\PythonGB\Django_HomeWork\HW02app\views.py changed, reloading.
Watching for file changes with StatReloader
C:\Users\Mikhail\Desktop\учеба\PythonGB\Django_HomeWork\HW02app\views.py changed, reloading.
Watching for file changes with StatReloader
C:\Users\Mikhail\Desktop\учеба\PythonGB\Django_HomeWork\HW02app\views.py changed, reloading.
Watching for file changes with StatReloader
C:\Users\Mikhail\Desktop\учеба\PythonGB\Django_HomeWork\HW02app\views.py changed, reloading.
Watching for file changes with StatReloader
C:\Users\Mikhail\Desktop\учеба\PythonGB\Django_HomeWork\HW02app\views.py changed, reloading.
Watching for file changes with StatReloader
C:\Users\Mikhail\Desktop\учеба\PythonGB\Django_HomeWork\HW02app\views.py changed, reloading.
Watching for file changes with StatReloader
C:\Users\Mikhail\Desktop\учеба\PythonGB\Django_HomeWork\HW02app\views.py changed, reloading.
Watching for file changes with StatReloader
C:\Users\Mikhail\Desktop\учеба\PythonGB\Django_HomeWork\HW02app\views.py changed, reloading.
Watching for file changes with StatReloader
C:\Users\Mikhail\Desktop\учеба\PythonGB\Django_HomeWork\HW02app\views.py changed, reloading.
Watching for file changes with StatReloader
C:\Users\Mikhail\Desktop\учеба\PythonGB\Django_HomeWork\HW02app\views.py changed, reloading.
Watching for file changes with StatReloader
C:\Users\Mikhail\Desktop\учеба\PythonGB\Django_HomeWork\HW02app\views.py changed, reloading.
Watching for file changes with StatReloader
C:\Users\Mikhail\Desktop\учеба\PythonGB\Django_HomeWork\HW02app\views.py changed, reloading.
Watching for file changes with StatReloader
C:\Users\Mikhail\Desktop\учеба\PythonGB\Django_HomeWork\HW02app\views.py changed, reloading.
Watching for file changes with StatReloader
C:\Users\Mikhail\Desktop\учеба\PythonGB\Django_HomeWork\HW02app\views.py changed, reloading.
Watching for file changes with StatReloader
C:\Users\Mikhail\Desktop\учеба\PythonGB\Django_HomeWork\HW02app\views.py changed, reloading.
Watching for file changes with StatReloader
C:\Users\Mikhail\Desktop\учеба\PythonGB\Django_HomeWork\HW02app\urls.py changed, reloading.
Watching for file changes with StatReloader
C:\Users\Mikhail\Desktop\учеба\PythonGB\Django_HomeWork\HW02app\urls.py changed, reloading.
Watching for file changes with StatReloader
C:\Users\Mikhail\Desktop\учеба\PythonGB\Django_HomeWork\HW02app\urls.py changed, reloading.
Watching for file changes with StatReloader
C:\Users\Mikhail\Desktop\учеба\PythonGB\Django_HomeWork\HW02app\urls.py changed, reloading.
Watching for file changes with StatReloader
C:\Users\Mikhail\Desktop\учеба\PythonGB\Django_HomeWork\HW02app\urls.py changed, reloading.
Watching for file changes with StatReloader
C:\Users\Mikhail\Desktop\учеба\PythonGB\Django_HomeWork\HW02app\urls.py changed, reloading.
Watching for file changes with StatReloader
C:\Users\Mikhail\Desktop\учеба\PythonGB\Django_HomeWork\HW02app\urls.py changed, reloading.
Watching for file changes with StatReloader
Internal Server Error: /HW02/create_product
Traceback (most recent call last):
  File "C:\Users\Mikhail\Desktop\учеба\PythonGB\Django_HomeWork\venv\Lib\site-packages\django\core\handlers\exception.py", line 55, in inner
    response = get_response(request)
               ^^^^^^^^^^^^^^^^^^^^^
  File "C:\Users\Mikhail\Desktop\учеба\PythonGB\Django_HomeWork\venv\Lib\site-packages\django\core\handlers\base.py", line 197, in _get_response
    response = wrapped_callback(request, *callback_args, **callback_kwargs)
               ^^^^^^^^^^^^^^^^^^^^^^^^^^^^^^^^^^^^^^^^^^^^^^^^^^^^^^^^^^^^
  File "C:\Users\Mikhail\Desktop\учеба\PythonGB\Django_HomeWork\HW02app\views.py", line 24, in create_product
    product = Client(
              ^^^^^^^
  File "C:\Users\Mikhail\Desktop\учеба\PythonGB\Django_HomeWork\venv\Lib\site-packages\django\db\models\base.py", line 567, in __init__
    raise TypeError(
TypeError: Client() got unexpected keyword arguments: 'about', 'price', 'count'
"GET /HW02/create_product HTTP/1.1" 500 72950
C:\Users\Mikhail\Desktop\учеба\PythonGB\Django_HomeWork\HW02app\views.py changed, reloading.
Watching for file changes with StatReloader
C:\Users\Mikhail\Desktop\учеба\PythonGB\Django_HomeWork\HW02app\views.py changed, reloading.
Watching for file changes with StatReloader
C:\Users\Mikhail\Desktop\учеба\PythonGB\Django_HomeWork\HW02app\views.py changed, reloading.
Watching for file changes with StatReloader
C:\Users\Mikhail\Desktop\учеба\PythonGB\Django_HomeWork\HW02app\views.py changed, reloading.
Watching for file changes with StatReloader
"GET /HW02/create_product HTTP/1.1" 200 19
C:\Users\Mikhail\Desktop\учеба\PythonGB\Django_HomeWork\HW02app\views.py changed, reloading.
Watching for file changes with StatReloader
"GET /HW02/create_product HTTP/1.1" 200 19
"GET /HW02/create_product HTTP/1.1" 200 19
"GET /HW02/create_product HTTP/1.1" 200 19
"GET /HW02/create_product HTTP/1.1" 200 19
C:\Users\Mikhail\Desktop\учеба\PythonGB\Django_HomeWork\HW02app\views.py changed, reloading.
Watching for file changes with StatReloader
C:\Users\Mikhail\Desktop\учеба\PythonGB\Django_HomeWork\HW02app\views.py changed, reloading.
Watching for file changes with StatReloader
C:\Users\Mikhail\Desktop\учеба\PythonGB\Django_HomeWork\HW02app\views.py changed, reloading.
Watching for file changes with StatReloader
C:\Users\Mikhail\Desktop\учеба\PythonGB\Django_HomeWork\HW02app\views.py changed, reloading.
Watching for file changes with StatReloader
C:\Users\Mikhail\Desktop\учеба\PythonGB\Django_HomeWork\HW02app\views.py changed, reloading.
Watching for file changes with StatReloader
C:\Users\Mikhail\Desktop\учеба\PythonGB\Django_HomeWork\HW02app\views.py changed, reloading.
Watching for file changes with StatReloader
C:\Users\Mikhail\Desktop\учеба\PythonGB\Django_HomeWork\HW02app\views.py changed, reloading.
Watching for file changes with StatReloader
C:\Users\Mikhail\Desktop\учеба\PythonGB\Django_HomeWork\HW02app\views.py changed, reloading.
Watching for file changes with StatReloader
C:\Users\Mikhail\Desktop\учеба\PythonGB\Django_HomeWork\HW02app\views.py changed, reloading.
Watching for file changes with StatReloader
C:\Users\Mikhail\Desktop\учеба\PythonGB\Django_HomeWork\HW02app\views.py changed, reloading.
Watching for file changes with StatReloader
C:\Users\Mikhail\Desktop\учеба\PythonGB\Django_HomeWork\HW02app\views.py changed, reloading.
Watching for file changes with StatReloader
C:\Users\Mikhail\Desktop\учеба\PythonGB\Django_HomeWork\HW02app\views.py changed, reloading.
Watching for file changes with StatReloader
C:\Users\Mikhail\Desktop\учеба\PythonGB\Django_HomeWork\HW02app\views.py changed, reloading.
Watching for file changes with StatReloader
C:\Users\Mikhail\Desktop\учеба\PythonGB\Django_HomeWork\HW02app\views.py changed, reloading.
Watching for file changes with StatReloader
C:\Users\Mikhail\Desktop\учеба\PythonGB\Django_HomeWork\HW02app\views.py changed, reloading.
Watching for file changes with StatReloader
C:\Users\Mikhail\Desktop\учеба\PythonGB\Django_HomeWork\HW02app\views.py changed, reloading.
Watching for file changes with StatReloader
C:\Users\Mikhail\Desktop\учеба\PythonGB\Django_HomeWork\HW02app\views.py changed, reloading.
Watching for file changes with StatReloader
C:\Users\Mikhail\Desktop\учеба\PythonGB\Django_HomeWork\HW02app\urls.py changed, reloading.
Watching for file changes with StatReloader
C:\Users\Mikhail\Desktop\учеба\PythonGB\Django_HomeWork\HW02app\urls.py changed, reloading.
Watching for file changes with StatReloader
C:\Users\Mikhail\Desktop\учеба\PythonGB\Django_HomeWork\HW02app\urls.py changed, reloading.
Watching for file changes with StatReloader
C:\Users\Mikhail\Desktop\учеба\PythonGB\Django_HomeWork\HW02app\urls.py changed, reloading.
Watching for file changes with StatReloader
C:\Users\Mikhail\Desktop\учеба\PythonGB\Django_HomeWork\HW02app\urls.py changed, reloading.
Watching for file changes with StatReloader
C:\Users\Mikhail\Desktop\учеба\PythonGB\Django_HomeWork\HW02app\urls.py changed, reloading.
Watching for file changes with StatReloader
C:\Users\Mikhail\Desktop\учеба\PythonGB\Django_HomeWork\HW02app\urls.py changed, reloading.
Watching for file changes with StatReloader
C:\Users\Mikhail\Desktop\учеба\PythonGB\Django_HomeWork\HW02app\urls.py changed, reloading.
Watching for file changes with StatReloader
C:\Users\Mikhail\Desktop\учеба\PythonGB\Django_HomeWork\HW02app\urls.py changed, reloading.
Watching for file changes with StatReloader
C:\Users\Mikhail\Desktop\учеба\PythonGB\Django_HomeWork\HW02app\urls.py changed, reloading.
Watching for file changes with StatReloader
"GET /HW02/create_order HTTP/1.1" 301 0
Internal Server Error: /HW02/create_order/
Traceback (most recent call last):
  File "C:\Users\Mikhail\Desktop\учеба\PythonGB\Django_HomeWork\venv\Lib\site-packages\django\db\backends\utils.py", line 89, in _execute
    return self.cursor.execute(sql, params)
           ^^^^^^^^^^^^^^^^^^^^^^^^^^^^^^^^
  File "C:\Users\Mikhail\Desktop\учеба\PythonGB\Django_HomeWork\venv\Lib\site-packages\django\db\backends\sqlite3\base.py", line 328, in execute
    return super().execute(query, params)
           ^^^^^^^^^^^^^^^^^^^^^^^^^^^^^^
sqlite3.IntegrityError: NOT NULL constraint failed: HW02app_order.customer_id

The above exception was the direct cause of the following exception:

Traceback (most recent call last):
  File "C:\Users\Mikhail\Desktop\учеба\PythonGB\Django_HomeWork\venv\Lib\site-packages\django\core\handlers\exception.py", line 55, in inner
    response = get_response(request)
               ^^^^^^^^^^^^^^^^^^^^^
  File "C:\Users\Mikhail\Desktop\учеба\PythonGB\Django_HomeWork\venv\Lib\site-packages\django\core\handlers\base.py", line 197, in _get_response
    response = wrapped_callback(request, *callback_args, **callback_kwargs)
               ^^^^^^^^^^^^^^^^^^^^^^^^^^^^^^^^^^^^^^^^^^^^^^^^^^^^^^^^^^^^
  File "C:\Users\Mikhail\Desktop\учеба\PythonGB\Django_HomeWork\HW02app\views.py", line 36, in create_order
    order.save()
  File "C:\Users\Mikhail\Desktop\учеба\PythonGB\Django_HomeWork\venv\Lib\site-packages\django\db\models\base.py", line 814, in save
    self.save_base(
  File "C:\Users\Mikhail\Desktop\учеба\PythonGB\Django_HomeWork\venv\Lib\site-packages\django\db\models\base.py", line 877, in save_base
    updated = self._save_table(
              ^^^^^^^^^^^^^^^^^
  File "C:\Users\Mikhail\Desktop\учеба\PythonGB\Django_HomeWork\venv\Lib\site-packages\django\db\models\base.py", line 1020, in _save_table
    results = self._do_insert(
              ^^^^^^^^^^^^^^^^
  File "C:\Users\Mikhail\Desktop\учеба\PythonGB\Django_HomeWork\venv\Lib\site-packages\django\db\models\base.py", line 1061, in _do_insert
    return manager._insert(
           ^^^^^^^^^^^^^^^^
  File "C:\Users\Mikhail\Desktop\учеба\PythonGB\Django_HomeWork\venv\Lib\site-packages\django\db\models\manager.py", line 87, in manager_method
    return getattr(self.get_queryset(), name)(*args, **kwargs)
           ^^^^^^^^^^^^^^^^^^^^^^^^^^^^^^^^^^^^^^^^^^^^^^^^^^^
  File "C:\Users\Mikhail\Desktop\учеба\PythonGB\Django_HomeWork\venv\Lib\site-packages\django\db\models\query.py", line 1805, in _insert
    return query.get_compiler(using=using).execute_sql(returning_fields)
           ^^^^^^^^^^^^^^^^^^^^^^^^^^^^^^^^^^^^^^^^^^^^^^^^^^^^^^^^^^^^^
  File "C:\Users\Mikhail\Desktop\учеба\PythonGB\Django_HomeWork\venv\Lib\site-packages\django\db\models\sql\compiler.py", line 1822, in execute_sql
    cursor.execute(sql, params)
  File "C:\Users\Mikhail\Desktop\учеба\PythonGB\Django_HomeWork\venv\Lib\site-packages\django\db\backends\utils.py", line 102, in execute
    return super().execute(sql, params)
           ^^^^^^^^^^^^^^^^^^^^^^^^^^^^
  File "C:\Users\Mikhail\Desktop\учеба\PythonGB\Django_HomeWork\venv\Lib\site-packages\django\db\backends\utils.py", line 67, in execute
    return self._execute_with_wrappers(
           ^^^^^^^^^^^^^^^^^^^^^^^^^^^^
  File "C:\Users\Mikhail\Desktop\учеба\PythonGB\Django_HomeWork\venv\Lib\site-packages\django\db\backends\utils.py", line 80, in _execute_with_wrappers
    return executor(sql, params, many, context)
           ^^^^^^^^^^^^^^^^^^^^^^^^^^^^^^^^^^^^
  File "C:\Users\Mikhail\Desktop\учеба\PythonGB\Django_HomeWork\venv\Lib\site-packages\django\db\backends\utils.py", line 84, in _execute
    with self.db.wrap_database_errors:
  File "C:\Users\Mikhail\Desktop\учеба\PythonGB\Django_HomeWork\venv\Lib\site-packages\django\db\utils.py", line 91, in __exit__
    raise dj_exc_value.with_traceback(traceback) from exc_value
  File "C:\Users\Mikhail\Desktop\учеба\PythonGB\Django_HomeWork\venv\Lib\site-packages\django\db\backends\utils.py", line 89, in _execute
    return self.cursor.execute(sql, params)
           ^^^^^^^^^^^^^^^^^^^^^^^^^^^^^^^^
  File "C:\Users\Mikhail\Desktop\учеба\PythonGB\Django_HomeWork\venv\Lib\site-packages\django\db\backends\sqlite3\base.py", line 328, in execute
    return super().execute(query, params)
           ^^^^^^^^^^^^^^^^^^^^^^^^^^^^^^
django.db.utils.IntegrityError: NOT NULL constraint failed: HW02app_order.customer_id
"GET /HW02/create_order/ HTTP/1.1" 500 146589
C:\Users\Mikhail\Desktop\учеба\PythonGB\Django_HomeWork\HW02app\views.py changed, reloading.
Watching for file changes with StatReloader
C:\Users\Mikhail\Desktop\учеба\PythonGB\Django_HomeWork\HW02app\views.py changed, reloading.
Watching for file changes with StatReloader
C:\Users\Mikhail\Desktop\учеба\PythonGB\Django_HomeWork\HW02app\views.py changed, reloading.
Watching for file changes with StatReloader
C:\Users\Mikhail\Desktop\учеба\PythonGB\Django_HomeWork\HW02app\views.py changed, reloading.
Watching for file changes with StatReloader
C:\Users\Mikhail\Desktop\учеба\PythonGB\Django_HomeWork\HW02app\views.py changed, reloading.
Watching for file changes with StatReloader
C:\Users\Mikhail\Desktop\учеба\PythonGB\Django_HomeWork\HW02app\views.py changed, reloading.
Watching for file changes with StatReloader
Internal Server Error: /HW02/create_order/
Traceback (most recent call last):
  File "C:\Users\Mikhail\Desktop\учеба\PythonGB\Django_HomeWork\venv\Lib\site-packages\django\db\utils.py", line 98, in inner
    return func(*args, **kwargs)
           ^^^^^^^^^^^^^^^^^^^^^
sqlite3.IntegrityError: FOREIGN KEY constraint failed

The above exception was the direct cause of the following exception:

Traceback (most recent call last):
  File "C:\Users\Mikhail\Desktop\учеба\PythonGB\Django_HomeWork\venv\Lib\site-packages\django\core\handlers\exception.py", line 55, in inner
    response = get_response(request)
               ^^^^^^^^^^^^^^^^^^^^^
  File "C:\Users\Mikhail\Desktop\учеба\PythonGB\Django_HomeWork\venv\Lib\site-packages\django\core\handlers\base.py", line 197, in _get_response
    response = wrapped_callback(request, *callback_args, **callback_kwargs)
               ^^^^^^^^^^^^^^^^^^^^^^^^^^^^^^^^^^^^^^^^^^^^^^^^^^^^^^^^^^^^
  File "C:\Users\Mikhail\Desktop\учеба\PythonGB\Django_HomeWork\HW02app\views.py", line 36, in create_order
    order.save()
  File "C:\Users\Mikhail\Desktop\учеба\PythonGB\Django_HomeWork\venv\Lib\site-packages\django\db\models\base.py", line 814, in save
    self.save_base(
  File "C:\Users\Mikhail\Desktop\учеба\PythonGB\Django_HomeWork\venv\Lib\site-packages\django\db\models\base.py", line 877, in save_base
    updated = self._save_table(
              ^^^^^^^^^^^^^^^^^
  File "C:\Users\Mikhail\Desktop\учеба\PythonGB\Django_HomeWork\venv\Lib\site-packages\django\db\models\base.py", line 1020, in _save_table
    results = self._do_insert(
              ^^^^^^^^^^^^^^^^
  File "C:\Users\Mikhail\Desktop\учеба\PythonGB\Django_HomeWork\venv\Lib\site-packages\django\db\models\base.py", line 1061, in _do_insert
    return manager._insert(
           ^^^^^^^^^^^^^^^^
  File "C:\Users\Mikhail\Desktop\учеба\PythonGB\Django_HomeWork\venv\Lib\site-packages\django\db\models\manager.py", line 87, in manager_method
    return getattr(self.get_queryset(), name)(*args, **kwargs)
           ^^^^^^^^^^^^^^^^^^^^^^^^^^^^^^^^^^^^^^^^^^^^^^^^^^^
  File "C:\Users\Mikhail\Desktop\учеба\PythonGB\Django_HomeWork\venv\Lib\site-packages\django\db\models\query.py", line 1805, in _insert
    return query.get_compiler(using=using).execute_sql(returning_fields)
           ^^^^^^^^^^^^^^^^^^^^^^^^^^^^^^^^^^^^^^^^^^^^^^^^^^^^^^^^^^^^^
  File "C:\Users\Mikhail\Desktop\учеба\PythonGB\Django_HomeWork\venv\Lib\site-packages\django\db\models\sql\compiler.py", line 1833, in execute_sql
    self.connection.ops.fetch_returned_insert_columns(
  File "C:\Users\Mikhail\Desktop\учеба\PythonGB\Django_HomeWork\venv\Lib\site-packages\django\db\backends\base\operations.py", line 213, in fetch_returned_insert_columns
    return cursor.fetchone()
           ^^^^^^^^^^^^^^^^^
  File "C:\Users\Mikhail\Desktop\учеба\PythonGB\Django_HomeWork\venv\Lib\site-packages\django\db\utils.py", line 97, in inner
    with self:
  File "C:\Users\Mikhail\Desktop\учеба\PythonGB\Django_HomeWork\venv\Lib\site-packages\django\db\utils.py", line 91, in __exit__
    raise dj_exc_value.with_traceback(traceback) from exc_value
  File "C:\Users\Mikhail\Desktop\учеба\PythonGB\Django_HomeWork\venv\Lib\site-packages\django\db\utils.py", line 98, in inner
    return func(*args, **kwargs)
           ^^^^^^^^^^^^^^^^^^^^^
django.db.utils.IntegrityError: FOREIGN KEY constraint failed
"GET /HW02/create_order/ HTTP/1.1" 500 124563
C:\Users\Mikhail\Desktop\учеба\PythonGB\Django_HomeWork\HW02app\views.py changed, reloading.
Watching for file changes with StatReloader
C:\Users\Mikhail\Desktop\учеба\PythonGB\Django_HomeWork\HW02app\views.py changed, reloading.
Watching for file changes with StatReloader
Internal Server Error: /HW02/create_order/
Traceback (most recent call last):
  File "C:\Users\Mikhail\Desktop\учеба\PythonGB\Django_HomeWork\venv\Lib\site-packages\django\db\models\fields\__init__.py", line 2053, in get_prep_value
    return int(value)
           ^^^^^^^^^^
TypeError: int() argument must be a string, a bytes-like object or a real number, not 'DeferredAttribute'

The above exception was the direct cause of the following exception:

Traceback (most recent call last):
  File "C:\Users\Mikhail\Desktop\учеба\PythonGB\Django_HomeWork\venv\Lib\site-packages\django\core\handlers\exception.py", line 55, in inner
    response = get_response(request)
               ^^^^^^^^^^^^^^^^^^^^^
  File "C:\Users\Mikhail\Desktop\учеба\PythonGB\Django_HomeWork\venv\Lib\site-packages\django\core\handlers\base.py", line 197, in _get_response
    response = wrapped_callback(request, *callback_args, **callback_kwargs)
               ^^^^^^^^^^^^^^^^^^^^^^^^^^^^^^^^^^^^^^^^^^^^^^^^^^^^^^^^^^^^
  File "C:\Users\Mikhail\Desktop\учеба\PythonGB\Django_HomeWork\HW02app\views.py", line 36, in create_order
    order.save()
  File "C:\Users\Mikhail\Desktop\учеба\PythonGB\Django_HomeWork\venv\Lib\site-packages\django\db\models\base.py", line 814, in save
    self.save_base(
  File "C:\Users\Mikhail\Desktop\учеба\PythonGB\Django_HomeWork\venv\Lib\site-packages\django\db\models\base.py", line 877, in save_base
    updated = self._save_table(
              ^^^^^^^^^^^^^^^^^
  File "C:\Users\Mikhail\Desktop\учеба\PythonGB\Django_HomeWork\venv\Lib\site-packages\django\db\models\base.py", line 1020, in _save_table
    results = self._do_insert(
              ^^^^^^^^^^^^^^^^
  File "C:\Users\Mikhail\Desktop\учеба\PythonGB\Django_HomeWork\venv\Lib\site-packages\django\db\models\base.py", line 1061, in _do_insert
    return manager._insert(
           ^^^^^^^^^^^^^^^^
  File "C:\Users\Mikhail\Desktop\учеба\PythonGB\Django_HomeWork\venv\Lib\site-packages\django\db\models\manager.py", line 87, in manager_method
    return getattr(self.get_queryset(), name)(*args, **kwargs)
           ^^^^^^^^^^^^^^^^^^^^^^^^^^^^^^^^^^^^^^^^^^^^^^^^^^^
  File "C:\Users\Mikhail\Desktop\учеба\PythonGB\Django_HomeWork\venv\Lib\site-packages\django\db\models\query.py", line 1805, in _insert
    return query.get_compiler(using=using).execute_sql(returning_fields)
           ^^^^^^^^^^^^^^^^^^^^^^^^^^^^^^^^^^^^^^^^^^^^^^^^^^^^^^^^^^^^^
  File "C:\Users\Mikhail\Desktop\учеба\PythonGB\Django_HomeWork\venv\Lib\site-packages\django\db\models\sql\compiler.py", line 1821, in execute_sql
    for sql, params in self.as_sql():
                       ^^^^^^^^^^^^^
  File "C:\Users\Mikhail\Desktop\учеба\PythonGB\Django_HomeWork\venv\Lib\site-packages\django\db\models\sql\compiler.py", line 1745, in as_sql
    value_rows = [
                 ^
  File "C:\Users\Mikhail\Desktop\учеба\PythonGB\Django_HomeWork\venv\Lib\site-packages\django\db\models\sql\compiler.py", line 1746, in <listcomp>
    [
  File "C:\Users\Mikhail\Desktop\учеба\PythonGB\Django_HomeWork\venv\Lib\site-packages\django\db\models\sql\compiler.py", line 1747, in <listcomp>
    self.prepare_value(field, self.pre_save_val(field, obj))
  File "C:\Users\Mikhail\Desktop\учеба\PythonGB\Django_HomeWork\venv\Lib\site-packages\django\db\models\sql\compiler.py", line 1686, in prepare_value
    return field.get_db_prep_save(value, connection=self.connection)
           ^^^^^^^^^^^^^^^^^^^^^^^^^^^^^^^^^^^^^^^^^^^^^^^^^^^^^^^^^
  File "C:\Users\Mikhail\Desktop\учеба\PythonGB\Django_HomeWork\venv\Lib\site-packages\django\db\models\fields\related.py", line 1129, in get_db_prep_save
    return self.target_field.get_db_prep_save(value, connection=connection)
           ^^^^^^^^^^^^^^^^^^^^^^^^^^^^^^^^^^^^^^^^^^^^^^^^^^^^^^^^^^^^^^^^
  File "C:\Users\Mikhail\Desktop\учеба\PythonGB\Django_HomeWork\venv\Lib\site-packages\django\db\models\fields\__init__.py", line 954, in get_db_prep_save
    return self.get_db_prep_value(value, connection=connection, prepared=False)
           ^^^^^^^^^^^^^^^^^^^^^^^^^^^^^^^^^^^^^^^^^^^^^^^^^^^^^^^^^^^^^^^^^^^^
  File "C:\Users\Mikhail\Desktop\учеба\PythonGB\Django_HomeWork\venv\Lib\site-packages\django\db\models\fields\__init__.py", line 2742, in get_db_prep_value
    value = self.get_prep_value(value)
            ^^^^^^^^^^^^^^^^^^^^^^^^^^
  File "C:\Users\Mikhail\Desktop\учеба\PythonGB\Django_HomeWork\venv\Lib\site-packages\django\db\models\fields\__init__.py", line 2055, in get_prep_value
    raise e.__class__(
TypeError: Field 'id' expected a number but got <django.db.models.query_utils.DeferredAttribute object at 0x000001D9DEEC7450>.
"GET /HW02/create_order/ HTTP/1.1" 500 142796
C:\Users\Mikhail\Desktop\учеба\PythonGB\Django_HomeWork\HW02app\views.py changed, reloading.
Watching for file changes with StatReloader
C:\Users\Mikhail\Desktop\учеба\PythonGB\Django_HomeWork\HW02app\views.py changed, reloading.
Watching for file changes with StatReloader
C:\Users\Mikhail\Desktop\учеба\PythonGB\Django_HomeWork\HW02app\views.py changed, reloading.
Watching for file changes with StatReloader
"GET /HW02/create_order/ HTTP/1.1" 200 17
Watching for file changes with StatReloader
Not Found: /
"GET / HTTP/1.1" 404 2272
Not Found: /favicon.ico
"GET /favicon.ico HTTP/1.1" 404 2323
"GET /HW01/about HTTP/1.1" 301 0
Internal Server Error: /HW01/about/
Traceback (most recent call last):
  File "C:\Users\Mikhail\Desktop\учеба\PythonGB\Django_HomeWork\venv\Lib\site-packages\django\core\handlers\exception.py", line 55, in inner
    response = get_response(request)
               ^^^^^^^^^^^^^^^^^^^^^
  File "C:\Users\Mikhail\Desktop\учеба\PythonGB\Django_HomeWork\venv\Lib\site-packages\django\core\handlers\base.py", line 197, in _get_response
    response = wrapped_callback(request, *callback_args, **callback_kwargs)
               ^^^^^^^^^^^^^^^^^^^^^^^^^^^^^^^^^^^^^^^^^^^^^^^^^^^^^^^^^^^^
  File "C:\Users\Mikhail\Desktop\учеба\PythonGB\Django_HomeWork\HW01app\views.py", line 18, in about
    return render(request, 'tempate/index.html')
           ^^^^^^^^^^^^^^^^^^^^^^^^^^^^^^^^^^^^^
  File "C:\Users\Mikhail\Desktop\учеба\PythonGB\Django_HomeWork\venv\Lib\site-packages\django\shortcuts.py", line 24, in render
    content = loader.render_to_string(template_name, context, request, using=using)
              ^^^^^^^^^^^^^^^^^^^^^^^^^^^^^^^^^^^^^^^^^^^^^^^^^^^^^^^^^^^^^^^^^^^^^
  File "C:\Users\Mikhail\Desktop\учеба\PythonGB\Django_HomeWork\venv\Lib\site-packages\django\template\loader.py", line 61, in render_to_string
    template = get_template(template_name, using=using)
               ^^^^^^^^^^^^^^^^^^^^^^^^^^^^^^^^^^^^^^^^
  File "C:\Users\Mikhail\Desktop\учеба\PythonGB\Django_HomeWork\venv\Lib\site-packages\django\template\loader.py", line 19, in get_template
    raise TemplateDoesNotExist(template_name, chain=chain)
django.template.exceptions.TemplateDoesNotExist: tempate/index.html
"GET /HW01/about/ HTTP/1.1" 500 80181
C:\Users\Mikhail\Desktop\учеба\PythonGB\Django_HomeWork\HW01app\views.py changed, reloading.
Watching for file changes with StatReloader
"GET /HW01/about/ HTTP/1.1" 200 287
C:\Users\Mikhail\Desktop\учеба\PythonGB\Django_HomeWork\HW01app\views.py changed, reloading.
Watching for file changes with StatReloader
C:\Users\Mikhail\Desktop\учеба\PythonGB\Django_HomeWork\HW01app\views.py changed, reloading.
Watching for file changes with StatReloader
C:\Users\Mikhail\Desktop\учеба\PythonGB\Django_HomeWork\HW01app\views.py changed, reloading.
Watching for file changes with StatReloader
Not Found: /HW01/main
"GET /HW01/main HTTP/1.1" 404 2549
"GET /HW01 HTTP/1.1" 301 0
"GET /HW01/ HTTP/1.1" 200 270
"GET /HW01/ HTTP/1.1" 200 285
Internal Server Error: /HW01/about/
Traceback (most recent call last):
  File "C:\Users\Mikhail\Desktop\учеба\PythonGB\Django_HomeWork\venv\Lib\site-packages\django\template\base.py", line 505, in parse
    compile_func = self.tags[command]
                   ~~~~~~~~~^^^^^^^^^
KeyError: 'Block'

During handling of the above exception, another exception occurred:

Traceback (most recent call last):
  File "C:\Users\Mikhail\Desktop\учеба\PythonGB\Django_HomeWork\venv\Lib\site-packages\django\core\handlers\exception.py", line 55, in inner
    response = get_response(request)
               ^^^^^^^^^^^^^^^^^^^^^
  File "C:\Users\Mikhail\Desktop\учеба\PythonGB\Django_HomeWork\venv\Lib\site-packages\django\core\handlers\base.py", line 197, in _get_response
    response = wrapped_callback(request, *callback_args, **callback_kwargs)
               ^^^^^^^^^^^^^^^^^^^^^^^^^^^^^^^^^^^^^^^^^^^^^^^^^^^^^^^^^^^^
  File "C:\Users\Mikhail\Desktop\учеба\PythonGB\Django_HomeWork\HW01app\views.py", line 10, in about
    return render(request, 'template/index.html')
           ^^^^^^^^^^^^^^^^^^^^^^^^^^^^^^^^^^^^^^
  File "C:\Users\Mikhail\Desktop\учеба\PythonGB\Django_HomeWork\venv\Lib\site-packages\django\shortcuts.py", line 24, in render
    content = loader.render_to_string(template_name, context, request, using=using)
              ^^^^^^^^^^^^^^^^^^^^^^^^^^^^^^^^^^^^^^^^^^^^^^^^^^^^^^^^^^^^^^^^^^^^^
  File "C:\Users\Mikhail\Desktop\учеба\PythonGB\Django_HomeWork\venv\Lib\site-packages\django\template\loader.py", line 61, in render_to_string
    template = get_template(template_name, using=using)
               ^^^^^^^^^^^^^^^^^^^^^^^^^^^^^^^^^^^^^^^^
  File "C:\Users\Mikhail\Desktop\учеба\PythonGB\Django_HomeWork\venv\Lib\site-packages\django\template\loader.py", line 15, in get_template
    return engine.get_template(template_name)
           ^^^^^^^^^^^^^^^^^^^^^^^^^^^^^^^^^^
  File "C:\Users\Mikhail\Desktop\учеба\PythonGB\Django_HomeWork\venv\Lib\site-packages\django\template\backends\django.py", line 33, in get_template
    return Template(self.engine.get_template(template_name), self)
                    ^^^^^^^^^^^^^^^^^^^^^^^^^^^^^^^^^^^^^^^
  File "C:\Users\Mikhail\Desktop\учеба\PythonGB\Django_HomeWork\venv\Lib\site-packages\django\template\engine.py", line 175, in get_template
    template, origin = self.find_template(template_name)
                       ^^^^^^^^^^^^^^^^^^^^^^^^^^^^^^^^^
  File "C:\Users\Mikhail\Desktop\учеба\PythonGB\Django_HomeWork\venv\Lib\site-packages\django\template\engine.py", line 157, in find_template
    template = loader.get_template(name, skip=skip)
               ^^^^^^^^^^^^^^^^^^^^^^^^^^^^^^^^^^^^
  File "C:\Users\Mikhail\Desktop\учеба\PythonGB\Django_HomeWork\venv\Lib\site-packages\django\template\loaders\cached.py", line 57, in get_template
    template = super().get_template(template_name, skip)
               ^^^^^^^^^^^^^^^^^^^^^^^^^^^^^^^^^^^^^^^^^
  File "C:\Users\Mikhail\Desktop\учеба\PythonGB\Django_HomeWork\venv\Lib\site-packages\django\template\loaders\base.py", line 28, in get_template
    return Template(
           ^^^^^^^^^
  File "C:\Users\Mikhail\Desktop\учеба\PythonGB\Django_HomeWork\venv\Lib\site-packages\django\template\base.py", line 154, in __init__
    self.nodelist = self.compile_nodelist()
                    ^^^^^^^^^^^^^^^^^^^^^^^
  File "C:\Users\Mikhail\Desktop\учеба\PythonGB\Django_HomeWork\venv\Lib\site-packages\django\template\base.py", line 200, in compile_nodelist
    return parser.parse()
           ^^^^^^^^^^^^^^
  File "C:\Users\Mikhail\Desktop\учеба\PythonGB\Django_HomeWork\venv\Lib\site-packages\django\template\base.py", line 513, in parse
    raise self.error(token, e)
  File "C:\Users\Mikhail\Desktop\учеба\PythonGB\Django_HomeWork\venv\Lib\site-packages\django\template\base.py", line 511, in parse
    compiled_result = compile_func(self, token)
                      ^^^^^^^^^^^^^^^^^^^^^^^^^
  File "C:\Users\Mikhail\Desktop\учеба\PythonGB\Django_HomeWork\venv\Lib\site-packages\django\template\loader_tags.py", line 293, in do_extends
    nodelist = parser.parse()
               ^^^^^^^^^^^^^^
  File "C:\Users\Mikhail\Desktop\учеба\PythonGB\Django_HomeWork\venv\Lib\site-packages\django\template\base.py", line 507, in parse
    self.invalid_block_tag(token, command, parse_until)
  File "C:\Users\Mikhail\Desktop\учеба\PythonGB\Django_HomeWork\venv\Lib\site-packages\django\template\base.py", line 568, in invalid_block_tag
    raise self.error(
django.template.exceptions.TemplateSyntaxError: Invalid block tag on line 2: 'Block'. Did you forget to register or load this tag?
"GET /HW01/about/ HTTP/1.1" 500 145444
"GET /HW01/about/ HTTP/1.1" 200 303
"GET /HW01/ HTTP/1.1" 200 286
C:\Users\Mikhail\Desktop\учеба\PythonGB\Django_HomeWork\HW01app\views.py changed, reloading.
Watching for file changes with StatReloader
C:\Users\Mikhail\Desktop\учеба\PythonGB\Django_HomeWork\HW01app\views.py changed, reloading.
Watching for file changes with StatReloader
C:\Users\Mikhail\Desktop\учеба\PythonGB\Django_HomeWork\HW01app\views.py changed, reloading.
Watching for file changes with StatReloader
C:\Users\Mikhail\Desktop\учеба\PythonGB\Django_HomeWork\HW01app\views.py changed, reloading.
Watching for file changes with StatReloader
C:\Users\Mikhail\Desktop\учеба\PythonGB\Django_HomeWork\HW01app\views.py changed, reloading.
Watching for file changes with StatReloader
C:\Users\Mikhail\Desktop\учеба\PythonGB\Django_HomeWork\HW01app\views.py changed, reloading.
Watching for file changes with StatReloader
C:\Users\Mikhail\Desktop\учеба\PythonGB\Django_HomeWork\HW01app\views.py changed, reloading.
Watching for file changes with StatReloader
C:\Users\Mikhail\Desktop\учеба\PythonGB\Django_HomeWork\HW01app\views.py changed, reloading.
Watching for file changes with StatReloader
C:\Users\Mikhail\Desktop\учеба\PythonGB\Django_HomeWork\HW01app\views.py changed, reloading.
Watching for file changes with StatReloader
C:\Users\Mikhail\Desktop\учеба\PythonGB\Django_HomeWork\HW01app\views.py changed, reloading.
Watching for file changes with StatReloader
C:\Users\Mikhail\Desktop\учеба\PythonGB\Django_HomeWork\HW01app\views.py changed, reloading.
Watching for file changes with StatReloader
C:\Users\Mikhail\Desktop\учеба\PythonGB\Django_HomeWork\HW01app\views.py changed, reloading.
Watching for file changes with StatReloader
C:\Users\Mikhail\Desktop\учеба\PythonGB\Django_HomeWork\HW01app\views.py changed, reloading.
Watching for file changes with StatReloader
C:\Users\Mikhail\Desktop\учеба\PythonGB\Django_HomeWork\HW01app\views.py changed, reloading.
Watching for file changes with StatReloader
C:\Users\Mikhail\Desktop\учеба\PythonGB\Django_HomeWork\HW01app\views.py changed, reloading.
Watching for file changes with StatReloader
C:\Users\Mikhail\Desktop\учеба\PythonGB\Django_HomeWork\HW01app\views.py changed, reloading.
Watching for file changes with StatReloader
Internal Server Error: /HW01/about/
Traceback (most recent call last):
  File "C:\Users\Mikhail\Desktop\учеба\PythonGB\Django_HomeWork\venv\Lib\site-packages\django\core\handlers\exception.py", line 55, in inner
    response = get_response(request)
               ^^^^^^^^^^^^^^^^^^^^^
  File "C:\Users\Mikhail\Desktop\учеба\PythonGB\Django_HomeWork\venv\Lib\site-packages\django\core\handlers\base.py", line 197, in _get_response
    response = wrapped_callback(request, *callback_args, **callback_kwargs)
               ^^^^^^^^^^^^^^^^^^^^^^^^^^^^^^^^^^^^^^^^^^^^^^^^^^^^^^^^^^^^
  File "C:\Users\Mikhail\Desktop\учеба\PythonGB\Django_HomeWork\HW01app\views.py", line 11, in about
    return render(request, 'template/index.html')
           ^^^^^^^^^^^^^^^^^^^^^^^^^^^^^^^^^^^^^^
  File "C:\Users\Mikhail\Desktop\учеба\PythonGB\Django_HomeWork\venv\Lib\site-packages\django\shortcuts.py", line 24, in render
    content = loader.render_to_string(template_name, context, request, using=using)
              ^^^^^^^^^^^^^^^^^^^^^^^^^^^^^^^^^^^^^^^^^^^^^^^^^^^^^^^^^^^^^^^^^^^^^
  File "C:\Users\Mikhail\Desktop\учеба\PythonGB\Django_HomeWork\venv\Lib\site-packages\django\template\loader.py", line 61, in render_to_string
    template = get_template(template_name, using=using)
               ^^^^^^^^^^^^^^^^^^^^^^^^^^^^^^^^^^^^^^^^
  File "C:\Users\Mikhail\Desktop\учеба\PythonGB\Django_HomeWork\venv\Lib\site-packages\django\template\loader.py", line 15, in get_template
    return engine.get_template(template_name)
           ^^^^^^^^^^^^^^^^^^^^^^^^^^^^^^^^^^
  File "C:\Users\Mikhail\Desktop\учеба\PythonGB\Django_HomeWork\venv\Lib\site-packages\django\template\backends\django.py", line 33, in get_template
    return Template(self.engine.get_template(template_name), self)
                    ^^^^^^^^^^^^^^^^^^^^^^^^^^^^^^^^^^^^^^^
  File "C:\Users\Mikhail\Desktop\учеба\PythonGB\Django_HomeWork\venv\Lib\site-packages\django\template\engine.py", line 175, in get_template
    template, origin = self.find_template(template_name)
                       ^^^^^^^^^^^^^^^^^^^^^^^^^^^^^^^^^
  File "C:\Users\Mikhail\Desktop\учеба\PythonGB\Django_HomeWork\venv\Lib\site-packages\django\template\engine.py", line 157, in find_template
    template = loader.get_template(name, skip=skip)
               ^^^^^^^^^^^^^^^^^^^^^^^^^^^^^^^^^^^^
  File "C:\Users\Mikhail\Desktop\учеба\PythonGB\Django_HomeWork\venv\Lib\site-packages\django\template\loaders\cached.py", line 57, in get_template
    template = super().get_template(template_name, skip)
               ^^^^^^^^^^^^^^^^^^^^^^^^^^^^^^^^^^^^^^^^^
  File "C:\Users\Mikhail\Desktop\учеба\PythonGB\Django_HomeWork\venv\Lib\site-packages\django\template\loaders\base.py", line 28, in get_template
    return Template(
           ^^^^^^^^^
  File "C:\Users\Mikhail\Desktop\учеба\PythonGB\Django_HomeWork\venv\Lib\site-packages\django\template\base.py", line 154, in __init__
    self.nodelist = self.compile_nodelist()
                    ^^^^^^^^^^^^^^^^^^^^^^^
  File "C:\Users\Mikhail\Desktop\учеба\PythonGB\Django_HomeWork\venv\Lib\site-packages\django\template\base.py", line 200, in compile_nodelist
    return parser.parse()
           ^^^^^^^^^^^^^^
  File "C:\Users\Mikhail\Desktop\учеба\PythonGB\Django_HomeWork\venv\Lib\site-packages\django\template\base.py", line 513, in parse
    raise self.error(token, e)
  File "C:\Users\Mikhail\Desktop\учеба\PythonGB\Django_HomeWork\venv\Lib\site-packages\django\template\base.py", line 511, in parse
    compiled_result = compile_func(self, token)
                      ^^^^^^^^^^^^^^^^^^^^^^^^^
  File "C:\Users\Mikhail\Desktop\учеба\PythonGB\Django_HomeWork\venv\Lib\site-packages\django\template\loader_tags.py", line 293, in do_extends
    nodelist = parser.parse()
               ^^^^^^^^^^^^^^
  File "C:\Users\Mikhail\Desktop\учеба\PythonGB\Django_HomeWork\venv\Lib\site-packages\django\template\base.py", line 513, in parse
    raise self.error(token, e)
  File "C:\Users\Mikhail\Desktop\учеба\PythonGB\Django_HomeWork\venv\Lib\site-packages\django\template\base.py", line 511, in parse
    compiled_result = compile_func(self, token)
                      ^^^^^^^^^^^^^^^^^^^^^^^^^
  File "C:\Users\Mikhail\Desktop\учеба\PythonGB\Django_HomeWork\venv\Lib\site-packages\django\template\loader_tags.py", line 232, in do_block
    nodelist = parser.parse(("endblock",))
               ^^^^^^^^^^^^^^^^^^^^^^^^^^^
  File "C:\Users\Mikhail\Desktop\учеба\PythonGB\Django_HomeWork\venv\Lib\site-packages\django\template\base.py", line 484, in parse
    raise self.error(token, e)
  File "C:\Users\Mikhail\Desktop\учеба\PythonGB\Django_HomeWork\venv\Lib\site-packages\django\template\base.py", line 482, in parse
    filter_expression = self.compile_filter(token.contents)
                        ^^^^^^^^^^^^^^^^^^^^^^^^^^^^^^^^^^^
  File "C:\Users\Mikhail\Desktop\учеба\PythonGB\Django_HomeWork\venv\Lib\site-packages\django\template\base.py", line 600, in compile_filter
    return FilterExpression(token, self)
           ^^^^^^^^^^^^^^^^^^^^^^^^^^^^^
  File "C:\Users\Mikhail\Desktop\учеба\PythonGB\Django_HomeWork\venv\Lib\site-packages\django\template\base.py", line 703, in __init__
    raise TemplateSyntaxError(
django.template.exceptions.TemplateSyntaxError: Could not parse the remainder: '% context %' from '% context %'
"GET /HW01/about/ HTTP/1.1" 500 164700
"GET /HW01/about/ HTTP/1.1" 200 291
"GET /HW01/about/ HTTP/1.1" 200 291
"GET /HW01/about/ HTTP/1.1" 200 291
"GET /HW01/about/ HTTP/1.1" 200 291
"GET /HW01/about/ HTTP/1.1" 200 291
"GET /HW01/about/ HTTP/1.1" 200 291
"GET /HW01/about/ HTTP/1.1" 200 291
"GET /HW01/about/ HTTP/1.1" 200 291
"GET /HW01/about/ HTTP/1.1" 200 291
"GET /HW01/about/ HTTP/1.1" 200 291
"GET /HW01/about/ HTTP/1.1" 200 291
"GET /HW01/about/ HTTP/1.1" 200 291
Watching for file changes with StatReloader
"GET /HW01/about/ HTTP/1.1" 200 291
"GET /HW01/about/ HTTP/1.1" 200 291
"GET /HW01/about/ HTTP/1.1" 200 291
"GET /HW01/about/ HTTP/1.1" 200 291
"GET /HW01/about/ HTTP/1.1" 200 300
"GET /HW01/about/ HTTP/1.1" 200 300
"GET /HW01/about/ HTTP/1.1" 200 300
C:\Users\Mikhail\Desktop\учеба\PythonGB\Django_HomeWork\HW01app\views.py changed, reloading.
Watching for file changes with StatReloader
C:\Users\Mikhail\Desktop\учеба\PythonGB\Django_HomeWork\HW01app\views.py changed, reloading.
Watching for file changes with StatReloader
C:\Users\Mikhail\Desktop\учеба\PythonGB\Django_HomeWork\HW01app\views.py changed, reloading.
Watching for file changes with StatReloader
C:\Users\Mikhail\Desktop\учеба\PythonGB\Django_HomeWork\HW01app\views.py changed, reloading.
Watching for file changes with StatReloader
C:\Users\Mikhail\Desktop\учеба\PythonGB\Django_HomeWork\HW01app\views.py changed, reloading.
Watching for file changes with StatReloader
C:\Users\Mikhail\Desktop\учеба\PythonGB\Django_HomeWork\HW01app\views.py changed, reloading.
Watching for file changes with StatReloader
C:\Users\Mikhail\Desktop\учеба\PythonGB\Django_HomeWork\HW01app\views.py changed, reloading.
Watching for file changes with StatReloader
C:\Users\Mikhail\Desktop\учеба\PythonGB\Django_HomeWork\HW01app\views.py changed, reloading.
Watching for file changes with StatReloader
"GET /HW01/about/ HTTP/1.1" 200 298
Watching for file changes with StatReloader
Watching for file changes with StatReloader
Not Found: /
"GET / HTTP/1.1" 404 2272
C:\Users\Mikhail\Desktop\учеба\PythonGB\Django_HomeWork\myproject\urls.py changed, reloading.
Watching for file changes with StatReloader
C:\Users\Mikhail\Desktop\учеба\PythonGB\Django_HomeWork\myproject\urls.py changed, reloading.
Watching for file changes with StatReloader
C:\Users\Mikhail\Desktop\учеба\PythonGB\Django_HomeWork\myproject\urls.py changed, reloading.
Watching for file changes with StatReloader
"GET /HW03/order_week HTTP/1.1" 301 0
Internal Server Error: /HW03/order_week/
Traceback (most recent call last):
  File "C:\Users\Mikhail\Desktop\учеба\PythonGB\Django_HomeWork\venv\Lib\site-packages\django\core\handlers\exception.py", line 55, in inner
    response = get_response(request)
               ^^^^^^^^^^^^^^^^^^^^^
  File "C:\Users\Mikhail\Desktop\учеба\PythonGB\Django_HomeWork\venv\Lib\site-packages\django\core\handlers\base.py", line 197, in _get_response
    response = wrapped_callback(request, *callback_args, **callback_kwargs)
               ^^^^^^^^^^^^^^^^^^^^^^^^^^^^^^^^^^^^^^^^^^^^^^^^^^^^^^^^^^^^
TypeError: order_week() missing 1 required positional argument: 'order_id'
"GET /HW03/order_week/ HTTP/1.1" 500 62557
C:\Users\Mikhail\Desktop\учеба\PythonGB\Django_HomeWork\HW03app\views.py changed, reloading.
Watching for file changes with StatReloader
Internal Server Error: /HW03/order_week/
Traceback (most recent call last):
  File "C:\Users\Mikhail\Desktop\учеба\PythonGB\Django_HomeWork\venv\Lib\site-packages\django\core\handlers\exception.py", line 55, in inner
    response = get_response(request)
               ^^^^^^^^^^^^^^^^^^^^^
  File "C:\Users\Mikhail\Desktop\учеба\PythonGB\Django_HomeWork\venv\Lib\site-packages\django\core\handlers\base.py", line 197, in _get_response
    response = wrapped_callback(request, *callback_args, **callback_kwargs)
               ^^^^^^^^^^^^^^^^^^^^^^^^^^^^^^^^^^^^^^^^^^^^^^^^^^^^^^^^^^^^
TypeError: order_week() missing 1 required positional argument: 'order_id'
"GET /HW03/order_week/ HTTP/1.1" 500 62694
Internal Server Error: /HW03/order_week/
Traceback (most recent call last):
  File "C:\Users\Mikhail\Desktop\учеба\PythonGB\Django_HomeWork\venv\Lib\site-packages\django\core\handlers\exception.py", line 55, in inner
    response = get_response(request)
               ^^^^^^^^^^^^^^^^^^^^^
  File "C:\Users\Mikhail\Desktop\учеба\PythonGB\Django_HomeWork\venv\Lib\site-packages\django\core\handlers\base.py", line 197, in _get_response
    response = wrapped_callback(request, *callback_args, **callback_kwargs)
               ^^^^^^^^^^^^^^^^^^^^^^^^^^^^^^^^^^^^^^^^^^^^^^^^^^^^^^^^^^^^
TypeError: order_week() missing 1 required positional argument: 'order_id'
"GET /HW03/order_week/ HTTP/1.1" 500 62694
C:\Users\Mikhail\Desktop\учеба\PythonGB\Django_HomeWork\HW03app\views.py changed, reloading.
Watching for file changes with StatReloader
Internal Server Error: /HW03/order_week/
Traceback (most recent call last):
  File "C:\Users\Mikhail\Desktop\учеба\PythonGB\Django_HomeWork\venv\Lib\site-packages\django\core\handlers\exception.py", line 55, in inner
    response = get_response(request)
               ^^^^^^^^^^^^^^^^^^^^^
  File "C:\Users\Mikhail\Desktop\учеба\PythonGB\Django_HomeWork\venv\Lib\site-packages\django\core\handlers\base.py", line 197, in _get_response
    response = wrapped_callback(request, *callback_args, **callback_kwargs)
               ^^^^^^^^^^^^^^^^^^^^^^^^^^^^^^^^^^^^^^^^^^^^^^^^^^^^^^^^^^^^
  File "C:\Users\Mikhail\Desktop\учеба\PythonGB\Django_HomeWork\HW03app\views.py", line 9, in order_week
    data = Order.objects.filter(date_buy__gte = time.time() - 7)
                                                ^^^^^^^^^
AttributeError: type object 'datetime.time' has no attribute 'time'
"GET /HW03/order_week/ HTTP/1.1" 500 66233
C:\Users\Mikhail\Desktop\учеба\PythonGB\Django_HomeWork\HW03app\views.py changed, reloading.
Watching for file changes with StatReloader
Internal Server Error: /HW03/order_week/
Traceback (most recent call last):
  File "C:\Users\Mikhail\Desktop\учеба\PythonGB\Django_HomeWork\venv\Lib\site-packages\django\core\handlers\exception.py", line 55, in inner
    response = get_response(request)
               ^^^^^^^^^^^^^^^^^^^^^
  File "C:\Users\Mikhail\Desktop\учеба\PythonGB\Django_HomeWork\venv\Lib\site-packages\django\core\handlers\base.py", line 197, in _get_response
    response = wrapped_callback(request, *callback_args, **callback_kwargs)
               ^^^^^^^^^^^^^^^^^^^^^^^^^^^^^^^^^^^^^^^^^^^^^^^^^^^^^^^^^^^^
  File "C:\Users\Mikhail\Desktop\учеба\PythonGB\Django_HomeWork\HW03app\views.py", line 9, in order_week
    data = Order.objects.filter(date_buy__gte = time() - 7)
                                                ~~~~~~~^~~
TypeError: unsupported operand type(s) for -: 'datetime.time' and 'int'
"GET /HW03/order_week/ HTTP/1.1" 500 66231
C:\Users\Mikhail\Desktop\учеба\PythonGB\Django_HomeWork\HW03app\views.py changed, reloading.
Watching for file changes with StatReloader
C:\Users\Mikhail\Desktop\учеба\PythonGB\Django_HomeWork\HW03app\views.py changed, reloading.
Watching for file changes with StatReloader
C:\Users\Mikhail\Desktop\учеба\PythonGB\Django_HomeWork\HW03app\views.py changed, reloading.
Watching for file changes with StatReloader
Internal Server Error: /HW03/order_week/
Traceback (most recent call last):
  File "C:\Users\Mikhail\Desktop\учеба\PythonGB\Django_HomeWork\venv\Lib\site-packages\django\core\handlers\exception.py", line 55, in inner
    response = get_response(request)
               ^^^^^^^^^^^^^^^^^^^^^
  File "C:\Users\Mikhail\Desktop\учеба\PythonGB\Django_HomeWork\venv\Lib\site-packages\django\core\handlers\base.py", line 197, in _get_response
    response = wrapped_callback(request, *callback_args, **callback_kwargs)
               ^^^^^^^^^^^^^^^^^^^^^^^^^^^^^^^^^^^^^^^^^^^^^^^^^^^^^^^^^^^^
  File "C:\Users\Mikhail\Desktop\учеба\PythonGB\Django_HomeWork\HW03app\views.py", line 9, in order_week
    data = Order.objects.All()
           ^^^^^^^^^^^^^^^^^
AttributeError: 'Manager' object has no attribute 'All'
"GET /HW03/order_week/ HTTP/1.1" 500 66059
C:\Users\Mikhail\Desktop\учеба\PythonGB\Django_HomeWork\HW03app\views.py changed, reloading.
Watching for file changes with StatReloader
"GET /HW03/order_week/ HTTP/1.1" 200 3
C:\Users\Mikhail\Desktop\учеба\PythonGB\Django_HomeWork\HW03app\views.py changed, reloading.
Watching for file changes with StatReloader
Internal Server Error: /HW03/order_week/
Traceback (most recent call last):
  File "C:\Users\Mikhail\Desktop\учеба\PythonGB\Django_HomeWork\venv\Lib\site-packages\django\core\handlers\exception.py", line 55, in inner
    response = get_response(request)
               ^^^^^^^^^^^^^^^^^^^^^
  File "C:\Users\Mikhail\Desktop\учеба\PythonGB\Django_HomeWork\venv\Lib\site-packages\django\core\handlers\base.py", line 197, in _get_response
    response = wrapped_callback(request, *callback_args, **callback_kwargs)
               ^^^^^^^^^^^^^^^^^^^^^^^^^^^^^^^^^^^^^^^^^^^^^^^^^^^^^^^^^^^^
  File "C:\Users\Mikhail\Desktop\учеба\PythonGB\Django_HomeWork\HW03app\views.py", line 9, in order_week
    data = Order.objects.All()
           ^^^^^^^^^^^^^^^^^
AttributeError: 'Manager' object has no attribute 'All'
"GET /HW03/order_week/ HTTP/1.1" 500 66059
Internal Server Error: /HW03/order_week/
Traceback (most recent call last):
  File "C:\Users\Mikhail\Desktop\учеба\PythonGB\Django_HomeWork\venv\Lib\site-packages\django\core\handlers\exception.py", line 55, in inner
    response = get_response(request)
               ^^^^^^^^^^^^^^^^^^^^^
  File "C:\Users\Mikhail\Desktop\учеба\PythonGB\Django_HomeWork\venv\Lib\site-packages\django\core\handlers\base.py", line 197, in _get_response
    response = wrapped_callback(request, *callback_args, **callback_kwargs)
               ^^^^^^^^^^^^^^^^^^^^^^^^^^^^^^^^^^^^^^^^^^^^^^^^^^^^^^^^^^^^
  File "C:\Users\Mikhail\Desktop\учеба\PythonGB\Django_HomeWork\HW03app\views.py", line 9, in order_week
    data = Order.objects.All()
           ^^^^^^^^^^^^^^^^^
AttributeError: 'Manager' object has no attribute 'All'
"GET /HW03/order_week/ HTTP/1.1" 500 66059
C:\Users\Mikhail\Desktop\учеба\PythonGB\Django_HomeWork\HW03app\views.py changed, reloading.
Watching for file changes with StatReloader
C:\Users\Mikhail\Desktop\учеба\PythonGB\Django_HomeWork\HW03app\views.py changed, reloading.
Watching for file changes with StatReloader
"GET /HW03/order_week/ HTTP/1.1" 200 178
C:\Users\Mikhail\Desktop\учеба\PythonGB\Django_HomeWork\HW03app\views.py changed, reloading.
Watching for file changes with StatReloader
C:\Users\Mikhail\Desktop\учеба\PythonGB\Django_HomeWork\HW03app\views.py changed, reloading.
Watching for file changes with StatReloader
C:\Users\Mikhail\Desktop\учеба\PythonGB\Django_HomeWork\HW03app\views.py changed, reloading.
Watching for file changes with StatReloader
C:\Users\Mikhail\Desktop\учеба\PythonGB\Django_HomeWork\HW03app\views.py changed, reloading.
Watching for file changes with StatReloader
C:\Users\Mikhail\Desktop\учеба\PythonGB\Django_HomeWork\HW03app\views.py changed, reloading.
Watching for file changes with StatReloader
C:\Users\Mikhail\Desktop\учеба\PythonGB\Django_HomeWork\HW03app\views.py changed, reloading.
Watching for file changes with StatReloader
"GET /HW03/order_week/ HTTP/1.1" 200 178
"GET /HW03/order_week/ HTTP/1.1" 200 178
"GET /HW03/order_week/ HTTP/1.1" 200 178
"GET /HW03/order_week/ HTTP/1.1" 200 178
"GET /HW03/order_week/ HTTP/1.1" 200 178
"GET /HW03/order_week/ HTTP/1.1" 200 178
"GET /HW03/order_week/ HTTP/1.1" 200 178
"GET /HW03/order_week/ HTTP/1.1" 200 178
C:\Users\Mikhail\Desktop\учеба\PythonGB\Django_HomeWork\HW03app\views.py changed, reloading.
Watching for file changes with StatReloader
C:\Users\Mikhail\Desktop\учеба\PythonGB\Django_HomeWork\HW03app\views.py changed, reloading.
Watching for file changes with StatReloader
C:\Users\Mikhail\Desktop\учеба\PythonGB\Django_HomeWork\HW03app\views.py changed, reloading.
Watching for file changes with StatReloader
Internal Server Error: /HW03/order_week/
Traceback (most recent call last):
  File "C:\Users\Mikhail\Desktop\учеба\PythonGB\Django_HomeWork\venv\Lib\site-packages\django\core\handlers\exception.py", line 55, in inner
    response = get_response(request)
               ^^^^^^^^^^^^^^^^^^^^^
  File "C:\Users\Mikhail\Desktop\учеба\PythonGB\Django_HomeWork\venv\Lib\site-packages\django\core\handlers\base.py", line 197, in _get_response
    response = wrapped_callback(request, *callback_args, **callback_kwargs)
               ^^^^^^^^^^^^^^^^^^^^^^^^^^^^^^^^^^^^^^^^^^^^^^^^^^^^^^^^^^^^
  File "C:\Users\Mikhail\Desktop\учеба\PythonGB\Django_HomeWork\HW03app\views.py", line 10, in order_week
    res = [i for i in data.date_buy]
                      ^^^^^^^^^^^^^
AttributeError: 'QuerySet' object has no attribute 'date_buy'
"GET /HW03/order_week/ HTTP/1.1" 500 66631
C:\Users\Mikhail\Desktop\учеба\PythonGB\Django_HomeWork\HW03app\views.py changed, reloading.
Watching for file changes with StatReloader
C:\Users\Mikhail\Desktop\учеба\PythonGB\Django_HomeWork\HW03app\views.py changed, reloading.
Watching for file changes with StatReloader
C:\Users\Mikhail\Desktop\учеба\PythonGB\Django_HomeWork\HW03app\views.py changed, reloading.
Watching for file changes with StatReloader
"GET /HW03/order_week/ HTTP/1.1" 200 352
C:\Users\Mikhail\Desktop\учеба\PythonGB\Django_HomeWork\HW03app\views.py changed, reloading.
Watching for file changes with StatReloader
C:\Users\Mikhail\Desktop\учеба\PythonGB\Django_HomeWork\HW03app\views.py changed, reloading.
Watching for file changes with StatReloader
C:\Users\Mikhail\Desktop\учеба\PythonGB\Django_HomeWork\HW03app\views.py changed, reloading.
Watching for file changes with StatReloader
C:\Users\Mikhail\Desktop\учеба\PythonGB\Django_HomeWork\HW03app\views.py changed, reloading.
Watching for file changes with StatReloader
C:\Users\Mikhail\Desktop\учеба\PythonGB\Django_HomeWork\HW03app\views.py changed, reloading.
Watching for file changes with StatReloader
C:\Users\Mikhail\Desktop\учеба\PythonGB\Django_HomeWork\HW03app\views.py changed, reloading.
Watching for file changes with StatReloader
Internal Server Error: /HW03/order_week/
Traceback (most recent call last):
  File "C:\Users\Mikhail\Desktop\учеба\PythonGB\Django_HomeWork\venv\Lib\site-packages\django\core\handlers\exception.py", line 55, in inner
    response = get_response(request)
               ^^^^^^^^^^^^^^^^^^^^^
  File "C:\Users\Mikhail\Desktop\учеба\PythonGB\Django_HomeWork\venv\Lib\site-packages\django\core\handlers\base.py", line 197, in _get_response
    response = wrapped_callback(request, *callback_args, **callback_kwargs)
               ^^^^^^^^^^^^^^^^^^^^^^^^^^^^^^^^^^^^^^^^^^^^^^^^^^^^^^^^^^^^
  File "C:\Users\Mikhail\Desktop\учеба\PythonGB\Django_HomeWork\HW03app\views.py", line 10, in order_week
    res = [i.date_buy for i in data if i.date_buy > time() - 7]
          ^^^^^^^^^^^^^^^^^^^^^^^^^^^^^^^^^^^^^^^^^^^^^^^^^^^^^
  File "C:\Users\Mikhail\Desktop\учеба\PythonGB\Django_HomeWork\HW03app\views.py", line 10, in <listcomp>
    res = [i.date_buy for i in data if i.date_buy > time() - 7]
                                                    ~~~~~~~^~~
TypeError: unsupported operand type(s) for -: 'datetime.time' and 'int'
"GET /HW03/order_week/ HTTP/1.1" 500 70524
C:\Users\Mikhail\Desktop\учеба\PythonGB\Django_HomeWork\HW03app\views.py changed, reloading.
Watching for file changes with StatReloader
Internal Server Error: /HW03/order_week/
Traceback (most recent call last):
  File "C:\Users\Mikhail\Desktop\учеба\PythonGB\Django_HomeWork\venv\Lib\site-packages\django\core\handlers\exception.py", line 55, in inner
    response = get_response(request)
               ^^^^^^^^^^^^^^^^^^^^^
  File "C:\Users\Mikhail\Desktop\учеба\PythonGB\Django_HomeWork\venv\Lib\site-packages\django\core\handlers\base.py", line 197, in _get_response
    response = wrapped_callback(request, *callback_args, **callback_kwargs)
               ^^^^^^^^^^^^^^^^^^^^^^^^^^^^^^^^^^^^^^^^^^^^^^^^^^^^^^^^^^^^
  File "C:\Users\Mikhail\Desktop\учеба\PythonGB\Django_HomeWork\HW03app\views.py", line 10, in order_week
    res = [i.date_buy for i in data if i.date_buy > time.time() - 7]
          ^^^^^^^^^^^^^^^^^^^^^^^^^^^^^^^^^^^^^^^^^^^^^^^^^^^^^^^^^^
  File "C:\Users\Mikhail\Desktop\учеба\PythonGB\Django_HomeWork\HW03app\views.py", line 10, in <listcomp>
    res = [i.date_buy for i in data if i.date_buy > time.time() - 7]
                                                    ^^^^^^^^^
AttributeError: type object 'datetime.time' has no attribute 'time'
"GET /HW03/order_week/ HTTP/1.1" 500 70546
Internal Server Error: /HW03/order_week/
Traceback (most recent call last):
  File "C:\Users\Mikhail\Desktop\учеба\PythonGB\Django_HomeWork\venv\Lib\site-packages\django\core\handlers\exception.py", line 55, in inner
    response = get_response(request)
               ^^^^^^^^^^^^^^^^^^^^^
  File "C:\Users\Mikhail\Desktop\учеба\PythonGB\Django_HomeWork\venv\Lib\site-packages\django\core\handlers\base.py", line 197, in _get_response
    response = wrapped_callback(request, *callback_args, **callback_kwargs)
               ^^^^^^^^^^^^^^^^^^^^^^^^^^^^^^^^^^^^^^^^^^^^^^^^^^^^^^^^^^^^
  File "C:\Users\Mikhail\Desktop\учеба\PythonGB\Django_HomeWork\HW03app\views.py", line 10, in order_week
    res = [i.date_buy for i in data if i.date_buy > time.time() - 7]
          ^^^^^^^^^^^^^^^^^^^^^^^^^^^^^^^^^^^^^^^^^^^^^^^^^^^^^^^^^^
  File "C:\Users\Mikhail\Desktop\учеба\PythonGB\Django_HomeWork\HW03app\views.py", line 10, in <listcomp>
    res = [i.date_buy for i in data if i.date_buy > time.time() - 7]
                                                    ^^^^^^^^^
AttributeError: type object 'datetime.time' has no attribute 'time'
"GET /HW03/order_week/ HTTP/1.1" 500 70546
C:\Users\Mikhail\Desktop\учеба\PythonGB\Django_HomeWork\HW03app\views.py changed, reloading.
Watching for file changes with StatReloader
C:\Users\Mikhail\Desktop\учеба\PythonGB\Django_HomeWork\HW03app\views.py changed, reloading.
Watching for file changes with StatReloader
C:\Users\Mikhail\Desktop\учеба\PythonGB\Django_HomeWork\HW03app\views.py changed, reloading.
Watching for file changes with StatReloader
C:\Users\Mikhail\Desktop\учеба\PythonGB\Django_HomeWork\HW03app\views.py changed, reloading.
Watching for file changes with StatReloader
C:\Users\Mikhail\Desktop\учеба\PythonGB\Django_HomeWork\HW03app\views.py changed, reloading.
Watching for file changes with StatReloader
Internal Server Error: /HW03/order_week/
Traceback (most recent call last):
  File "C:\Users\Mikhail\Desktop\учеба\PythonGB\Django_HomeWork\venv\Lib\site-packages\django\core\handlers\exception.py", line 55, in inner
    response = get_response(request)
               ^^^^^^^^^^^^^^^^^^^^^
  File "C:\Users\Mikhail\Desktop\учеба\PythonGB\Django_HomeWork\venv\Lib\site-packages\django\core\handlers\base.py", line 197, in _get_response
    response = wrapped_callback(request, *callback_args, **callback_kwargs)
               ^^^^^^^^^^^^^^^^^^^^^^^^^^^^^^^^^^^^^^^^^^^^^^^^^^^^^^^^^^^^
  File "C:\Users\Mikhail\Desktop\учеба\PythonGB\Django_HomeWork\HW03app\views.py", line 10, in order_week
    res = [i.date_buy for i in data if i.date_buy > datetime.now()-timedelta(days=7)]
          ^^^^^^^^^^^^^^^^^^^^^^^^^^^^^^^^^^^^^^^^^^^^^^^^^^^^^^^^^^^^^^^^^^^^^^^^^^^
  File "C:\Users\Mikhail\Desktop\учеба\PythonGB\Django_HomeWork\HW03app\views.py", line 10, in <listcomp>
    res = [i.date_buy for i in data if i.date_buy > datetime.now()-timedelta(days=7)]
                                       ^^^^^^^^^^^^^^^^^^^^^^^^^^^^^^^^^^^^^^^^^^^^^
TypeError: can't compare offset-naive and offset-aware datetimes
"GET /HW03/order_week/ HTTP/1.1" 500 70642
Internal Server Error: /HW03/order_week/
Traceback (most recent call last):
  File "C:\Users\Mikhail\Desktop\учеба\PythonGB\Django_HomeWork\venv\Lib\site-packages\django\core\handlers\exception.py", line 55, in inner
    response = get_response(request)
               ^^^^^^^^^^^^^^^^^^^^^
  File "C:\Users\Mikhail\Desktop\учеба\PythonGB\Django_HomeWork\venv\Lib\site-packages\django\core\handlers\base.py", line 197, in _get_response
    response = wrapped_callback(request, *callback_args, **callback_kwargs)
               ^^^^^^^^^^^^^^^^^^^^^^^^^^^^^^^^^^^^^^^^^^^^^^^^^^^^^^^^^^^^
  File "C:\Users\Mikhail\Desktop\учеба\PythonGB\Django_HomeWork\HW03app\views.py", line 10, in order_week
    res = [i.date_buy for i in data if i.date_buy > datetime.now()-timedelta(days=7)]
          ^^^^^^^^^^^^^^^^^^^^^^^^^^^^^^^^^^^^^^^^^^^^^^^^^^^^^^^^^^^^^^^^^^^^^^^^^^^
  File "C:\Users\Mikhail\Desktop\учеба\PythonGB\Django_HomeWork\HW03app\views.py", line 10, in <listcomp>
    res = [i.date_buy for i in data if i.date_buy > datetime.now()-timedelta(days=7)]
                                       ^^^^^^^^^^^^^^^^^^^^^^^^^^^^^^^^^^^^^^^^^^^^^
TypeError: can't compare offset-naive and offset-aware datetimes
"GET /HW03/order_week/ HTTP/1.1" 500 70642
C:\Users\Mikhail\Desktop\учеба\PythonGB\Django_HomeWork\HW03app\views.py changed, reloading.
Watching for file changes with StatReloader
C:\Users\Mikhail\Desktop\учеба\PythonGB\Django_HomeWork\HW03app\views.py changed, reloading.
Watching for file changes with StatReloader
C:\Users\Mikhail\Desktop\учеба\PythonGB\Django_HomeWork\HW03app\views.py changed, reloading.
Watching for file changes with StatReloader
C:\Users\Mikhail\Desktop\учеба\PythonGB\Django_HomeWork\HW03app\views.py changed, reloading.
Watching for file changes with StatReloader
C:\Users\Mikhail\Desktop\учеба\PythonGB\Django_HomeWork\HW03app\views.py changed, reloading.
Watching for file changes with StatReloader
C:\Users\Mikhail\Desktop\учеба\PythonGB\Django_HomeWork\HW03app\views.py changed, reloading.
Watching for file changes with StatReloader
C:\Users\Mikhail\Desktop\учеба\PythonGB\Django_HomeWork\HW03app\views.py changed, reloading.
Watching for file changes with StatReloader
C:\Users\Mikhail\Desktop\учеба\PythonGB\Django_HomeWork\HW03app\views.py changed, reloading.
Watching for file changes with StatReloader
"GET /HW03/order_week/ HTTP/1.1" 200 178
C:\Users\Mikhail\Desktop\учеба\PythonGB\Django_HomeWork\HW03app\views.py changed, reloading.
Watching for file changes with StatReloader
"GET /HW03/order_week/ HTTP/1.1" 200 0
C:\Users\Mikhail\Desktop\учеба\PythonGB\Django_HomeWork\HW03app\views.py changed, reloading.
Watching for file changes with StatReloader
C:\Users\Mikhail\Desktop\учеба\PythonGB\Django_HomeWork\HW03app\views.py changed, reloading.
Watching for file changes with StatReloader
C:\Users\Mikhail\Desktop\учеба\PythonGB\Django_HomeWork\HW03app\views.py changed, reloading.
Watching for file changes with StatReloader
C:\Users\Mikhail\Desktop\учеба\PythonGB\Django_HomeWork\HW03app\views.py changed, reloading.
Watching for file changes with StatReloader
C:\Users\Mikhail\Desktop\учеба\PythonGB\Django_HomeWork\HW03app\views.py changed, reloading.
Watching for file changes with StatReloader
C:\Users\Mikhail\Desktop\учеба\PythonGB\Django_HomeWork\HW03app\views.py changed, reloading.
Watching for file changes with StatReloader
C:\Users\Mikhail\Desktop\учеба\PythonGB\Django_HomeWork\HW03app\views.py changed, reloading.
Watching for file changes with StatReloader
C:\Users\Mikhail\Desktop\учеба\PythonGB\Django_HomeWork\HW03app\views.py changed, reloading.
Watching for file changes with StatReloader
C:\Users\Mikhail\Desktop\учеба\PythonGB\Django_HomeWork\HW03app\views.py changed, reloading.
Watching for file changes with StatReloader
C:\Users\Mikhail\Desktop\учеба\PythonGB\Django_HomeWork\HW03app\views.py changed, reloading.
Watching for file changes with StatReloader
C:\Users\Mikhail\Desktop\учеба\PythonGB\Django_HomeWork\HW03app\views.py changed, reloading.
Watching for file changes with StatReloader
C:\Users\Mikhail\Desktop\учеба\PythonGB\Django_HomeWork\HW03app\views.py changed, reloading.
Watching for file changes with StatReloader
C:\Users\Mikhail\Desktop\учеба\PythonGB\Django_HomeWork\HW03app\views.py changed, reloading.
Watching for file changes with StatReloader
C:\Users\Mikhail\Desktop\учеба\PythonGB\Django_HomeWork\HW03app\views.py changed, reloading.
Watching for file changes with StatReloader
C:\Users\Mikhail\Desktop\учеба\PythonGB\Django_HomeWork\HW03app\views.py changed, reloading.
Watching for file changes with StatReloader
C:\Users\Mikhail\Desktop\учеба\PythonGB\Django_HomeWork\HW03app\views.py changed, reloading.
Watching for file changes with StatReloader
"GET /HW03/order_week/ HTTP/1.1" 200 252
C:\Users\Mikhail\Desktop\учеба\PythonGB\Django_HomeWork\HW03app\views.py changed, reloading.
Watching for file changes with StatReloader
"GET /HW03/order_week/ HTTP/1.1" 200 1163
C:\Users\Mikhail\Desktop\учеба\PythonGB\Django_HomeWork\HW03app\views.py changed, reloading.
Watching for file changes with StatReloader
"GET /HW03/order_week/ HTTP/1.1" 200 615
C:\Users\Mikhail\Desktop\учеба\PythonGB\Django_HomeWork\HW03app\views.py changed, reloading.
Watching for file changes with StatReloader
C:\Users\Mikhail\Desktop\учеба\PythonGB\Django_HomeWork\HW03app\views.py changed, reloading.
Watching for file changes with StatReloader
C:\Users\Mikhail\Desktop\учеба\PythonGB\Django_HomeWork\HW03app\views.py changed, reloading.
Watching for file changes with StatReloader
"GET /HW03/order_week/ HTTP/1.1" 200 1922
C:\Users\Mikhail\Desktop\учеба\PythonGB\Django_HomeWork\HW03app\views.py changed, reloading.
Watching for file changes with StatReloader
C:\Users\Mikhail\Desktop\учеба\PythonGB\Django_HomeWork\HW03app\views.py changed, reloading.
Watching for file changes with StatReloader
C:\Users\Mikhail\Desktop\учеба\PythonGB\Django_HomeWork\HW03app\views.py changed, reloading.
Watching for file changes with StatReloader
C:\Users\Mikhail\Desktop\учеба\PythonGB\Django_HomeWork\HW03app\views.py changed, reloading.
Watching for file changes with StatReloader
C:\Users\Mikhail\Desktop\учеба\PythonGB\Django_HomeWork\HW03app\views.py changed, reloading.
Watching for file changes with StatReloader
Internal Server Error: /HW03/order_week/
Traceback (most recent call last):
  File "C:\Users\Mikhail\Desktop\учеба\PythonGB\Django_HomeWork\venv\Lib\site-packages\django\core\handlers\exception.py", line 55, in inner
    response = get_response(request)
               ^^^^^^^^^^^^^^^^^^^^^
  File "C:\Users\Mikhail\Desktop\учеба\PythonGB\Django_HomeWork\venv\Lib\site-packages\django\core\handlers\base.py", line 197, in _get_response
    response = wrapped_callback(request, *callback_args, **callback_kwargs)
               ^^^^^^^^^^^^^^^^^^^^^^^^^^^^^^^^^^^^^^^^^^^^^^^^^^^^^^^^^^^^
  File "C:\Users\Mikhail\Desktop\учеба\PythonGB\Django_HomeWork\HW03app\views.py", line 9, in order_week
    data = Product.objects.filter(date_buy__gte=datetime.now()-timedelta(days=7))
           ^^^^^^^^^^^^^^^^^^^^^^^^^^^^^^^^^^^^^^^^^^^^^^^^^^^^^^^^^^^^^^^^^^^^^^
  File "C:\Users\Mikhail\Desktop\учеба\PythonGB\Django_HomeWork\venv\Lib\site-packages\django\db\models\manager.py", line 87, in manager_method
    return getattr(self.get_queryset(), name)(*args, **kwargs)
           ^^^^^^^^^^^^^^^^^^^^^^^^^^^^^^^^^^^^^^^^^^^^^^^^^^^
  File "C:\Users\Mikhail\Desktop\учеба\PythonGB\Django_HomeWork\venv\Lib\site-packages\django\db\models\query.py", line 1436, in filter
    return self._filter_or_exclude(False, args, kwargs)
           ^^^^^^^^^^^^^^^^^^^^^^^^^^^^^^^^^^^^^^^^^^^^
  File "C:\Users\Mikhail\Desktop\учеба\PythonGB\Django_HomeWork\venv\Lib\site-packages\django\db\models\query.py", line 1454, in _filter_or_exclude
    clone._filter_or_exclude_inplace(negate, args, kwargs)
  File "C:\Users\Mikhail\Desktop\учеба\PythonGB\Django_HomeWork\venv\Lib\site-packages\django\db\models\query.py", line 1461, in _filter_or_exclude_inplace
    self._query.add_q(Q(*args, **kwargs))
  File "C:\Users\Mikhail\Desktop\учеба\PythonGB\Django_HomeWork\venv\Lib\site-packages\django\db\models\sql\query.py", line 1545, in add_q
    clause, _ = self._add_q(q_object, self.used_aliases)
                ^^^^^^^^^^^^^^^^^^^^^^^^^^^^^^^^^^^^^^^^
  File "C:\Users\Mikhail\Desktop\учеба\PythonGB\Django_HomeWork\venv\Lib\site-packages\django\db\models\sql\query.py", line 1576, in _add_q
    child_clause, needed_inner = self.build_filter(
                                 ^^^^^^^^^^^^^^^^^^
  File "C:\Users\Mikhail\Desktop\учеба\PythonGB\Django_HomeWork\venv\Lib\site-packages\django\db\models\sql\query.py", line 1426, in build_filter
    lookups, parts, reffed_expression = self.solve_lookup_type(arg, summarize)
                                        ^^^^^^^^^^^^^^^^^^^^^^^^^^^^^^^^^^^^^^
  File "C:\Users\Mikhail\Desktop\учеба\PythonGB\Django_HomeWork\venv\Lib\site-packages\django\db\models\sql\query.py", line 1236, in solve_lookup_type
    _, field, _, lookup_parts = self.names_to_path(lookup_splitted, self.get_meta())
                                ^^^^^^^^^^^^^^^^^^^^^^^^^^^^^^^^^^^^^^^^^^^^^^^^^^^^
  File "C:\Users\Mikhail\Desktop\учеба\PythonGB\Django_HomeWork\venv\Lib\site-packages\django\db\models\sql\query.py", line 1724, in names_to_path
    raise FieldError(
django.core.exceptions.FieldError: Cannot resolve keyword 'date_buy' into field. Choices are: about, count, date_update, id, name, order, price
"GET /HW03/order_week/ HTTP/1.1" 500 114413
C:\Users\Mikhail\Desktop\учеба\PythonGB\Django_HomeWork\HW03app\views.py changed, reloading.
Watching for file changes with StatReloader
"GET /HW03/order_week/ HTTP/1.1" 200 1090
"GET /HW03/order_week/ HTTP/1.1" 200 1079
C:\Users\Mikhail\Desktop\учеба\PythonGB\Django_HomeWork\HW03app\views.py changed, reloading.
Watching for file changes with StatReloader
C:\Users\Mikhail\Desktop\учеба\PythonGB\Django_HomeWork\HW03app\views.py changed, reloading.
Watching for file changes with StatReloader
C:\Users\Mikhail\Desktop\учеба\PythonGB\Django_HomeWork\HW03app\views.py changed, reloading.
Watching for file changes with StatReloader
C:\Users\Mikhail\Desktop\учеба\PythonGB\Django_HomeWork\HW03app\views.py changed, reloading.
Watching for file changes with StatReloader
"GET /HW03/order_month HTTP/1.1" 301 0
"GET /HW03/order_month/ HTTP/1.1" 200 1079
Watching for file changes with StatReloader
C:\Users\Mikhail\Desktop\учеба\PythonGB\Django_HomeWork\HW03app\views.py changed, reloading.
Watching for file changes with StatReloader
C:\Users\Mikhail\Desktop\учеба\PythonGB\Django_HomeWork\HW03app\views.py changed, reloading.
Watching for file changes with StatReloader
C:\Users\Mikhail\Desktop\учеба\PythonGB\Django_HomeWork\HW03app\views.py changed, reloading.
Watching for file changes with StatReloader
C:\Users\Mikhail\Desktop\учеба\PythonGB\Django_HomeWork\HW03app\views.py changed, reloading.
Watching for file changes with StatReloader
C:\Users\Mikhail\Desktop\учеба\PythonGB\Django_HomeWork\HW03app\views.py changed, reloading.
Watching for file changes with StatReloader
"GET /HW03/order_month/ HTTP/1.1" 200 1079
"GET /HW03/order_month/ HTTP/1.1" 200 1079
"GET /HW03/order_month/ HTTP/1.1" 200 1079
"GET /HW03/order_month/ HTTP/1.1" 200 1079
"GET /HW03/order_month/ HTTP/1.1" 200 1079
"GET /HW03/order_month/ HTTP/1.1" 200 1079
"GET /HW03/order_month/ HTTP/1.1" 200 1079
C:\Users\Mikhail\Desktop\учеба\PythonGB\Django_HomeWork\HW03app\views.py changed, reloading.
Watching for file changes with StatReloader
"GET /HW03/order_month/ HTTP/1.1" 200 1079
"GET /HW03/order_month/ HTTP/1.1" 200 1079
"GET /HW03/order_month/ HTTP/1.1" 200 1079
C:\Users\Mikhail\Desktop\учеба\PythonGB\Django_HomeWork\HW03app\views.py changed, reloading.
Watching for file changes with StatReloader
"GET /HW03/order_month/ HTTP/1.1" 200 1079
"GET /HW03/order_month/ HTTP/1.1" 200 1079
"GET /HW03/order_month/ HTTP/1.1" 200 1079
"GET /HW03/order_month/ HTTP/1.1" 200 1079
C:\Users\Mikhail\Desktop\учеба\PythonGB\Django_HomeWork\HW03app\views.py changed, reloading.
Watching for file changes with StatReloader
"GET /HW03/order_month/ HTTP/1.1" 200 1079
"GET /HW03/order_month/ HTTP/1.1" 200 1079
"GET /HW03/order_month/ HTTP/1.1" 200 1079
C:\Users\Mikhail\Desktop\учеба\PythonGB\Django_HomeWork\HW03app\views.py changed, reloading.
Watching for file changes with StatReloader
C:\Users\Mikhail\Desktop\учеба\PythonGB\Django_HomeWork\HW03app\views.py changed, reloading.
Watching for file changes with StatReloader
C:\Users\Mikhail\Desktop\учеба\PythonGB\Django_HomeWork\HW03app\views.py changed, reloading.
Watching for file changes with StatReloader
C:\Users\Mikhail\Desktop\учеба\PythonGB\Django_HomeWork\HW03app\views.py changed, reloading.
Watching for file changes with StatReloader
C:\Users\Mikhail\Desktop\учеба\PythonGB\Django_HomeWork\HW03app\views.py changed, reloading.
Watching for file changes with StatReloader
C:\Users\Mikhail\Desktop\учеба\PythonGB\Django_HomeWork\HW03app\views.py changed, reloading.
Watching for file changes with StatReloader
C:\Users\Mikhail\Desktop\учеба\PythonGB\Django_HomeWork\HW03app\views.py changed, reloading.
Watching for file changes with StatReloader
C:\Users\Mikhail\Desktop\учеба\PythonGB\Django_HomeWork\HW03app\views.py changed, reloading.
Watching for file changes with StatReloader
C:\Users\Mikhail\Desktop\учеба\PythonGB\Django_HomeWork\HW03app\views.py changed, reloading.
Watching for file changes with StatReloader
C:\Users\Mikhail\Desktop\учеба\PythonGB\Django_HomeWork\HW03app\views.py changed, reloading.
Watching for file changes with StatReloader
C:\Users\Mikhail\Desktop\учеба\PythonGB\Django_HomeWork\HW03app\views.py changed, reloading.
Watching for file changes with StatReloader
C:\Users\Mikhail\Desktop\учеба\PythonGB\Django_HomeWork\HW03app\views.py changed, reloading.
Watching for file changes with StatReloader
C:\Users\Mikhail\Desktop\учеба\PythonGB\Django_HomeWork\HW03app\views.py changed, reloading.
Watching for file changes with StatReloader
Watching for file changes with StatReloader
"GET /HW03/order_week/ HTTP/1.1" 200 327
C:\Users\Mikhail\Desktop\учеба\PythonGB\Django_HomeWork\HW03app\views.py changed, reloading.
Watching for file changes with StatReloader
"GET /HW03/order_week/ HTTP/1.1" 200 1079
C:\Users\Mikhail\Desktop\учеба\PythonGB\Django_HomeWork\HW03app\views.py changed, reloading.
Watching for file changes with StatReloader
C:\Users\Mikhail\Desktop\учеба\PythonGB\Django_HomeWork\HW03app\views.py changed, reloading.
Watching for file changes with StatReloader
C:\Users\Mikhail\Desktop\учеба\PythonGB\Django_HomeWork\HW03app\views.py changed, reloading.
Watching for file changes with StatReloader
C:\Users\Mikhail\Desktop\учеба\PythonGB\Django_HomeWork\HW03app\views.py changed, reloading.
Watching for file changes with StatReloader
C:\Users\Mikhail\Desktop\учеба\PythonGB\Django_HomeWork\HW03app\views.py changed, reloading.
Watching for file changes with StatReloader
C:\Users\Mikhail\Desktop\учеба\PythonGB\Django_HomeWork\HW03app\views.py changed, reloading.
Watching for file changes with StatReloader
Internal Server Error: /HW03/order_week/
Traceback (most recent call last):
  File "C:\Users\Mikhail\Desktop\учеба\PythonGB\Django_HomeWork\venv\Lib\site-packages\django\core\handlers\exception.py", line 55, in inner
    response = get_response(request)
               ^^^^^^^^^^^^^^^^^^^^^
  File "C:\Users\Mikhail\Desktop\учеба\PythonGB\Django_HomeWork\venv\Lib\site-packages\django\core\handlers\base.py", line 197, in _get_response
    response = wrapped_callback(request, *callback_args, **callback_kwargs)
               ^^^^^^^^^^^^^^^^^^^^^^^^^^^^^^^^^^^^^^^^^^^^^^^^^^^^^^^^^^^^
  File "C:\Users\Mikhail\Desktop\учеба\PythonGB\Django_HomeWork\HW03app\views.py", line 10, in order_week
    datas = data('-name')
            ^^^^^^^^^^^^^
TypeError: 'QuerySet' object is not callable
"GET /HW03/order_week/ HTTP/1.1" 500 67160
C:\Users\Mikhail\Desktop\учеба\PythonGB\Django_HomeWork\HW03app\views.py changed, reloading.
Watching for file changes with StatReloader
C:\Users\Mikhail\Desktop\учеба\PythonGB\Django_HomeWork\HW03app\views.py changed, reloading.
Watching for file changes with StatReloader
C:\Users\Mikhail\Desktop\учеба\PythonGB\Django_HomeWork\HW03app\views.py changed, reloading.
Watching for file changes with StatReloader
C:\Users\Mikhail\Desktop\учеба\PythonGB\Django_HomeWork\HW03app\views.py changed, reloading.
Watching for file changes with StatReloader
C:\Users\Mikhail\Desktop\учеба\PythonGB\Django_HomeWork\HW03app\views.py changed, reloading.
Watching for file changes with StatReloader
C:\Users\Mikhail\Desktop\учеба\PythonGB\Django_HomeWork\HW03app\views.py changed, reloading.
Watching for file changes with StatReloader
C:\Users\Mikhail\Desktop\учеба\PythonGB\Django_HomeWork\HW03app\views.py changed, reloading.
Watching for file changes with StatReloader
C:\Users\Mikhail\Desktop\учеба\PythonGB\Django_HomeWork\HW03app\views.py changed, reloading.
Watching for file changes with StatReloader
C:\Users\Mikhail\Desktop\учеба\PythonGB\Django_HomeWork\HW03app\views.py changed, reloading.
Watching for file changes with StatReloader
C:\Users\Mikhail\Desktop\учеба\PythonGB\Django_HomeWork\HW03app\views.py changed, reloading.
Watching for file changes with StatReloader
C:\Users\Mikhail\Desktop\учеба\PythonGB\Django_HomeWork\HW03app\views.py changed, reloading.
Watching for file changes with StatReloader
C:\Users\Mikhail\Desktop\учеба\PythonGB\Django_HomeWork\HW03app\views.py changed, reloading.
Watching for file changes with StatReloader
C:\Users\Mikhail\Desktop\учеба\PythonGB\Django_HomeWork\HW03app\views.py changed, reloading.
Watching for file changes with StatReloader
Internal Server Error: /HW03/order_week/
Traceback (most recent call last):
  File "C:\Users\Mikhail\Desktop\учеба\PythonGB\Django_HomeWork\venv\Lib\site-packages\django\core\handlers\exception.py", line 55, in inner
    response = get_response(request)
               ^^^^^^^^^^^^^^^^^^^^^
  File "C:\Users\Mikhail\Desktop\учеба\PythonGB\Django_HomeWork\venv\Lib\site-packages\django\core\handlers\base.py", line 197, in _get_response
    response = wrapped_callback(request, *callback_args, **callback_kwargs)
               ^^^^^^^^^^^^^^^^^^^^^^^^^^^^^^^^^^^^^^^^^^^^^^^^^^^^^^^^^^^^
  File "C:\Users\Mikhail\Desktop\учеба\PythonGB\Django_HomeWork\HW03app\views.py", line 9, in order_week
    data = Product.objects.filter(date_update__gte=datetime.now()-timedelta(days=7) and '-name' )
           ^^^^^^^^^^^^^^^^^^^^^^^^^^^^^^^^^^^^^^^^^^^^^^^^^^^^^^^^^^^^^^^^^^^^^^^^^^^^^^^^^^^^^^
  File "C:\Users\Mikhail\Desktop\учеба\PythonGB\Django_HomeWork\venv\Lib\site-packages\django\db\models\manager.py", line 87, in manager_method
    return getattr(self.get_queryset(), name)(*args, **kwargs)
           ^^^^^^^^^^^^^^^^^^^^^^^^^^^^^^^^^^^^^^^^^^^^^^^^^^^
  File "C:\Users\Mikhail\Desktop\учеба\PythonGB\Django_HomeWork\venv\Lib\site-packages\django\db\models\query.py", line 1436, in filter
    return self._filter_or_exclude(False, args, kwargs)
           ^^^^^^^^^^^^^^^^^^^^^^^^^^^^^^^^^^^^^^^^^^^^
  File "C:\Users\Mikhail\Desktop\учеба\PythonGB\Django_HomeWork\venv\Lib\site-packages\django\db\models\query.py", line 1454, in _filter_or_exclude
    clone._filter_or_exclude_inplace(negate, args, kwargs)
  File "C:\Users\Mikhail\Desktop\учеба\PythonGB\Django_HomeWork\venv\Lib\site-packages\django\db\models\query.py", line 1461, in _filter_or_exclude_inplace
    self._query.add_q(Q(*args, **kwargs))
  File "C:\Users\Mikhail\Desktop\учеба\PythonGB\Django_HomeWork\venv\Lib\site-packages\django\db\models\sql\query.py", line 1545, in add_q
    clause, _ = self._add_q(q_object, self.used_aliases)
                ^^^^^^^^^^^^^^^^^^^^^^^^^^^^^^^^^^^^^^^^
  File "C:\Users\Mikhail\Desktop\учеба\PythonGB\Django_HomeWork\venv\Lib\site-packages\django\db\models\sql\query.py", line 1576, in _add_q
    child_clause, needed_inner = self.build_filter(
                                 ^^^^^^^^^^^^^^^^^^
  File "C:\Users\Mikhail\Desktop\учеба\PythonGB\Django_HomeWork\venv\Lib\site-packages\django\db\models\sql\query.py", line 1491, in build_filter
    condition = self.build_lookup(lookups, col, value)
                ^^^^^^^^^^^^^^^^^^^^^^^^^^^^^^^^^^^^^^
  File "C:\Users\Mikhail\Desktop\учеба\PythonGB\Django_HomeWork\venv\Lib\site-packages\django\db\models\sql\query.py", line 1318, in build_lookup
    lookup = lookup_class(lhs, rhs)
             ^^^^^^^^^^^^^^^^^^^^^^
  File "C:\Users\Mikhail\Desktop\учеба\PythonGB\Django_HomeWork\venv\Lib\site-packages\django\db\models\lookups.py", line 27, in __init__
    self.rhs = self.get_prep_lookup()
               ^^^^^^^^^^^^^^^^^^^^^^
  File "C:\Users\Mikhail\Desktop\учеба\PythonGB\Django_HomeWork\venv\Lib\site-packages\django\db\models\lookups.py", line 85, in get_prep_lookup
    return self.lhs.output_field.get_prep_value(self.rhs)
           ^^^^^^^^^^^^^^^^^^^^^^^^^^^^^^^^^^^^^^^^^^^^^^
  File "C:\Users\Mikhail\Desktop\учеба\PythonGB\Django_HomeWork\venv\Lib\site-packages\django\db\models\fields\__init__.py", line 1585, in get_prep_value
    value = super().get_prep_value(value)
            ^^^^^^^^^^^^^^^^^^^^^^^^^^^^^
  File "C:\Users\Mikhail\Desktop\учеба\PythonGB\Django_HomeWork\venv\Lib\site-packages\django\db\models\fields\__init__.py", line 1464, in get_prep_value
    return self.to_python(value)
           ^^^^^^^^^^^^^^^^^^^^^
  File "C:\Users\Mikhail\Desktop\учеба\PythonGB\Django_HomeWork\venv\Lib\site-packages\django\db\models\fields\__init__.py", line 1567, in to_python
    raise exceptions.ValidationError(
django.core.exceptions.ValidationError: ['“-name” value has an invalid format. It must be in YYYY-MM-DD HH:MM[:ss[.uuuuuu]][TZ] format.']
"GET /HW03/order_week/ HTTP/1.1" 500 131564
C:\Users\Mikhail\Desktop\учеба\PythonGB\Django_HomeWork\HW03app\views.py changed, reloading.
Watching for file changes with StatReloader
C:\Users\Mikhail\Desktop\учеба\PythonGB\Django_HomeWork\HW03app\views.py changed, reloading.
Watching for file changes with StatReloader
C:\Users\Mikhail\Desktop\учеба\PythonGB\Django_HomeWork\HW03app\views.py changed, reloading.
Watching for file changes with StatReloader
C:\Users\Mikhail\Desktop\учеба\PythonGB\Django_HomeWork\HW03app\views.py changed, reloading.
Watching for file changes with StatReloader
C:\Users\Mikhail\Desktop\учеба\PythonGB\Django_HomeWork\HW03app\views.py changed, reloading.
Watching for file changes with StatReloader
C:\Users\Mikhail\Desktop\учеба\PythonGB\Django_HomeWork\HW03app\views.py changed, reloading.
Watching for file changes with StatReloader
C:\Users\Mikhail\Desktop\учеба\PythonGB\Django_HomeWork\HW03app\views.py changed, reloading.
Watching for file changes with StatReloader
Watching for file changes with StatReloader
Watching for file changes with StatReloader
Watching for file changes with StatReloader
"GET /HW02/add_product HTTP/1.1" 301 0
"GET /HW02/add_product/ HTTP/1.1" 200 1153
"POST /HW02/add_product/ HTTP/1.1" 200 1254
C:\Users\Mikhail\Desktop\учеба\PythonGB\Django_HomeWork\HW02app\views.py changed, reloading.
Watching for file changes with StatReloader
C:\Users\Mikhail\Desktop\учеба\PythonGB\Django_HomeWork\HW02app\views.py changed, reloading.
Watching for file changes with StatReloader
C:\Users\Mikhail\Desktop\учеба\PythonGB\Django_HomeWork\HW02app\views.py changed, reloading.
Watching for file changes with StatReloader
C:\Users\Mikhail\Desktop\учеба\PythonGB\Django_HomeWork\HW02app\views.py changed, reloading.
Watching for file changes with StatReloader
C:\Users\Mikhail\Desktop\учеба\PythonGB\Django_HomeWork\HW02app\views.py changed, reloading.
Watching for file changes with StatReloader
C:\Users\Mikhail\Desktop\учеба\PythonGB\Django_HomeWork\HW02app\views.py changed, reloading.
Watching for file changes with StatReloader
C:\Users\Mikhail\Desktop\учеба\PythonGB\Django_HomeWork\HW02app\views.py changed, reloading.
Watching for file changes with StatReloader
C:\Users\Mikhail\Desktop\учеба\PythonGB\Django_HomeWork\HW02app\views.py changed, reloading.
Watching for file changes with StatReloader
C:\Users\Mikhail\Desktop\учеба\PythonGB\Django_HomeWork\HW02app\views.py changed, reloading.
Watching for file changes with StatReloader
C:\Users\Mikhail\Desktop\учеба\PythonGB\Django_HomeWork\HW02app\views.py changed, reloading.
Watching for file changes with StatReloader
"POST /HW02/add_product/ HTTP/1.1" 200 1254
C:\Users\Mikhail\Desktop\учеба\PythonGB\Django_HomeWork\HW02app\views.py changed, reloading.
Watching for file changes with StatReloader
C:\Users\Mikhail\Desktop\учеба\PythonGB\Django_HomeWork\HW02app\views.py changed, reloading.
Watching for file changes with StatReloader
"POST /HW02/add_product/ HTTP/1.1" 200 1254
"POST /HW02/add_product/ HTTP/1.1" 200 1254
"POST /HW02/add_product/ HTTP/1.1" 200 1254
"POST /HW02/add_product/ HTTP/1.1" 200 1255
C:\Users\Mikhail\Desktop\учеба\PythonGB\Django_HomeWork\myproject\settings.py changed, reloading.
Watching for file changes with StatReloader
"POST /HW02/add_product/ HTTP/1.1" 200 1255
Watching for file changes with StatReloader
"POST /HW02/add_product/ HTTP/1.1" 200 1284
Forbidden (CSRF token missing.): /HW02/add_product/
"POST /HW02/add_product/ HTTP/1.1" 403 2506
Forbidden (CSRF token missing.): /HW02/add_product/
"POST /HW02/add_product/ HTTP/1.1" 403 2506
Watching for file changes with StatReloader
Forbidden (CSRF token missing.): /HW02/add_product/
"POST /HW02/add_product/ HTTP/1.1" 403 2506
"POST /HW02/add_product/ HTTP/1.1" 200 1158
Forbidden (CSRF token missing.): /HW02/add_product/
"POST /HW02/add_product/ HTTP/1.1" 403 2506
Watching for file changes with StatReloader
Forbidden (CSRF token missing.): /HW02/add_product/
"POST /HW02/add_product/ HTTP/1.1" 403 2506
Forbidden (CSRF token missing.): /HW02/add_product/
"POST /HW02/add_product/ HTTP/1.1" 403 2506
Watching for file changes with StatReloader
"POST /HW02/add_product/ HTTP/1.1" 200 1150
Forbidden (CSRF token missing.): /HW02/add_product/
"POST /HW02/add_product/ HTTP/1.1" 403 2506
Watching for file changes with StatReloader
Forbidden (CSRF token missing.): /HW02/add_product/
"POST /HW02/add_product/ HTTP/1.1" 403 2506
C:\Users\Mikhail\Desktop\учеба\PythonGB\Django_HomeWork\HW02app\views.py changed, reloading.
Watching for file changes with StatReloader
C:\Users\Mikhail\Desktop\учеба\PythonGB\Django_HomeWork\HW02app\views.py changed, reloading.
Watching for file changes with StatReloader
Forbidden (CSRF token missing.): /HW02/add_product/
"POST /HW02/add_product/ HTTP/1.1" 403 2506
"GET /HW02/add_product/ HTTP/1.1" 200 1173
Not Found: /favicon.ico
"GET /favicon.ico HTTP/1.1" 404 2428
"POST /HW02/add_product/ HTTP/1.1" 200 1205
"POST /HW02/add_product/ HTTP/1.1" 200 1214
